{"/Users/bendikchristensen/Library_Heist/public/scripts/gamestate.js": {"path":"/Users/bendikchristensen/Library_Heist/public/scripts/gamestate.js","statementMap":{"0":{"start":{"line":3,"column":8},"end":{"line":3,"column":32}},"1":{"start":{"line":4,"column":8},"end":{"line":4,"column":29}},"2":{"start":{"line":5,"column":22},"end":{"line":5,"column":85}},"3":{"start":{"line":6,"column":8},"end":{"line":6,"column":143}},"4":{"start":{"line":6,"column":130},"end":{"line":6,"column":143}},"5":{"start":{"line":7,"column":8},"end":{"line":7,"column":23}},"6":{"start":{"line":8,"column":8},"end":{"line":8,"column":24}},"7":{"start":{"line":9,"column":8},"end":{"line":9,"column":23}},"8":{"start":{"line":10,"column":8},"end":{"line":10,"column":70}},"9":{"start":{"line":11,"column":8},"end":{"line":11,"column":36}},"10":{"start":{"line":12,"column":8},"end":{"line":12,"column":22}},"11":{"start":{"line":13,"column":8},"end":{"line":13,"column":70}},"12":{"start":{"line":14,"column":8},"end":{"line":16,"column":9}},"13":{"start":{"line":14,"column":20},"end":{"line":14,"column":21}},"14":{"start":{"line":15,"column":12},"end":{"line":15,"column":72}},"15":{"start":{"line":17,"column":8},"end":{"line":17,"column":27}},"16":{"start":{"line":22,"column":24},"end":{"line":22,"column":62}},"17":{"start":{"line":23,"column":8},"end":{"line":29,"column":9}},"18":{"start":{"line":24,"column":25},"end":{"line":24,"column":66}},"19":{"start":{"line":25,"column":12},"end":{"line":25,"column":38}},"20":{"start":{"line":27,"column":25},"end":{"line":27,"column":76}},"21":{"start":{"line":28,"column":12},"end":{"line":28,"column":38}},"22":{"start":{"line":34,"column":21},"end":{"line":34,"column":23}},"23":{"start":{"line":35,"column":8},"end":{"line":43,"column":9}},"24":{"start":{"line":36,"column":12},"end":{"line":38,"column":13}},"25":{"start":{"line":36,"column":24},"end":{"line":36,"column":25}},"26":{"start":{"line":37,"column":16},"end":{"line":37,"column":114}},"27":{"start":{"line":40,"column":12},"end":{"line":42,"column":13}},"28":{"start":{"line":40,"column":24},"end":{"line":40,"column":25}},"29":{"start":{"line":41,"column":16},"end":{"line":41,"column":116}},"30":{"start":{"line":44,"column":8},"end":{"line":44,"column":22}},"31":{"start":{"line":48,"column":8},"end":{"line":48,"column":23}},"32":{"start":{"line":52,"column":8},"end":{"line":52,"column":26}},"33":{"start":{"line":56,"column":8},"end":{"line":58,"column":21}},"34":{"start":{"line":57,"column":12},"end":{"line":57,"column":51}},"35":{"start":{"line":62,"column":8},"end":{"line":64,"column":21}},"36":{"start":{"line":63,"column":12},"end":{"line":63,"column":54}},"37":{"start":{"line":68,"column":8},"end":{"line":70,"column":21}},"38":{"start":{"line":69,"column":12},"end":{"line":69,"column":54}},"39":{"start":{"line":74,"column":8},"end":{"line":76,"column":21}},"40":{"start":{"line":75,"column":12},"end":{"line":75,"column":53}},"41":{"start":{"line":80,"column":8},"end":{"line":82,"column":21}},"42":{"start":{"line":81,"column":12},"end":{"line":81,"column":52}},"43":{"start":{"line":86,"column":8},"end":{"line":88,"column":21}},"44":{"start":{"line":87,"column":12},"end":{"line":87,"column":54}},"45":{"start":{"line":92,"column":8},"end":{"line":94,"column":21}},"46":{"start":{"line":93,"column":12},"end":{"line":93,"column":53}},"47":{"start":{"line":97,"column":20},"end":{"line":99,"column":16}},"48":{"start":{"line":98,"column":8},"end":{"line":98,"column":26}},"49":{"start":{"line":102,"column":8},"end":{"line":102,"column":72}},"50":{"start":{"line":106,"column":8},"end":{"line":110,"column":9}},"51":{"start":{"line":107,"column":12},"end":{"line":107,"column":32}},"52":{"start":{"line":109,"column":12},"end":{"line":109,"column":31}},"53":{"start":{"line":114,"column":23},"end":{"line":114,"column":56}},"54":{"start":{"line":115,"column":26},"end":{"line":115,"column":62}},"55":{"start":{"line":116,"column":8},"end":{"line":116,"column":50}},"56":{"start":{"line":117,"column":8},"end":{"line":117,"column":59}},"57":{"start":{"line":121,"column":24},"end":{"line":160,"column":9}},"58":{"start":{"line":122,"column":12},"end":{"line":122,"column":36}},"59":{"start":{"line":122,"column":29},"end":{"line":122,"column":36}},"60":{"start":{"line":123,"column":22},"end":{"line":123,"column":27}},"61":{"start":{"line":124,"column":12},"end":{"line":159,"column":13}},"62":{"start":{"line":125,"column":26},"end":{"line":125,"column":28}},"63":{"start":{"line":126,"column":16},"end":{"line":128,"column":17}},"64":{"start":{"line":126,"column":28},"end":{"line":126,"column":29}},"65":{"start":{"line":127,"column":20},"end":{"line":127,"column":40}},"66":{"start":{"line":129,"column":16},"end":{"line":129,"column":45}},"67":{"start":{"line":130,"column":16},"end":{"line":144,"column":17}},"68":{"start":{"line":131,"column":20},"end":{"line":135,"column":21}},"69":{"start":{"line":132,"column":24},"end":{"line":132,"column":54}},"70":{"start":{"line":134,"column":24},"end":{"line":134,"column":119}},"71":{"start":{"line":136,"column":23},"end":{"line":144,"column":17}},"72":{"start":{"line":137,"column":20},"end":{"line":141,"column":21}},"73":{"start":{"line":138,"column":24},"end":{"line":138,"column":55}},"74":{"start":{"line":140,"column":24},"end":{"line":140,"column":119}},"75":{"start":{"line":143,"column":20},"end":{"line":143,"column":57}},"76":{"start":{"line":145,"column":16},"end":{"line":147,"column":17}},"77":{"start":{"line":146,"column":20},"end":{"line":146,"column":36}},"78":{"start":{"line":148,"column":16},"end":{"line":148,"column":53}},"79":{"start":{"line":149,"column":19},"end":{"line":159,"column":13}},"80":{"start":{"line":150,"column":16},"end":{"line":153,"column":17}},"81":{"start":{"line":151,"column":20},"end":{"line":151,"column":36}},"82":{"start":{"line":152,"column":20},"end":{"line":152,"column":58}},"83":{"start":{"line":155,"column":16},"end":{"line":158,"column":17}},"84":{"start":{"line":156,"column":20},"end":{"line":156,"column":48}},"85":{"start":{"line":157,"column":20},"end":{"line":157,"column":58}},"86":{"start":{"line":161,"column":29},"end":{"line":161,"column":47}},"87":{"start":{"line":162,"column":8},"end":{"line":164,"column":11}},"88":{"start":{"line":163,"column":12},"end":{"line":163,"column":28}},"89":{"start":{"line":170,"column":26},"end":{"line":170,"column":57}},"90":{"start":{"line":171,"column":8},"end":{"line":175,"column":9}},"91":{"start":{"line":172,"column":12},"end":{"line":172,"column":66}},"92":{"start":{"line":174,"column":12},"end":{"line":174,"column":84}},"93":{"start":{"line":179,"column":25},"end":{"line":185,"column":5}},"94":{"start":{"line":180,"column":8},"end":{"line":184,"column":9}},"95":{"start":{"line":181,"column":12},"end":{"line":181,"column":32}},"96":{"start":{"line":183,"column":12},"end":{"line":183,"column":31}},"97":{"start":{"line":188,"column":22},"end":{"line":194,"column":5}},"98":{"start":{"line":189,"column":8},"end":{"line":193,"column":9}},"99":{"start":{"line":190,"column":12},"end":{"line":190,"column":35}},"100":{"start":{"line":192,"column":12},"end":{"line":192,"column":36}},"101":{"start":{"line":198,"column":16},"end":{"line":206,"column":5}},"102":{"start":{"line":199,"column":8},"end":{"line":205,"column":9}},"103":{"start":{"line":200,"column":12},"end":{"line":200,"column":98}},"104":{"start":{"line":202,"column":12},"end":{"line":204,"column":13}},"105":{"start":{"line":203,"column":12},"end":{"line":203,"column":28}},"106":{"start":{"line":210,"column":8},"end":{"line":216,"column":9}},"107":{"start":{"line":211,"column":12},"end":{"line":211,"column":91}},"108":{"start":{"line":213,"column":12},"end":{"line":215,"column":13}},"109":{"start":{"line":214,"column":16},"end":{"line":214,"column":33}},"110":{"start":{"line":221,"column":8},"end":{"line":235,"column":9}},"111":{"start":{"line":222,"column":12},"end":{"line":222,"column":83}},"112":{"start":{"line":224,"column":12},"end":{"line":224,"column":40}},"113":{"start":{"line":225,"column":12},"end":{"line":225,"column":37}},"114":{"start":{"line":226,"column":12},"end":{"line":226,"column":48}},"115":{"start":{"line":227,"column":12},"end":{"line":227,"column":44}},"116":{"start":{"line":228,"column":12},"end":{"line":228,"column":64}},"117":{"start":{"line":231,"column":26},"end":{"line":231,"column":48}},"118":{"start":{"line":232,"column":12},"end":{"line":232,"column":37}},"119":{"start":{"line":233,"column":12},"end":{"line":233,"column":32}},"120":{"start":{"line":234,"column":12},"end":{"line":234,"column":54}},"121":{"start":{"line":240,"column":8},"end":{"line":240,"column":32}},"122":{"start":{"line":240,"column":25},"end":{"line":240,"column":32}},"123":{"start":{"line":241,"column":8},"end":{"line":253,"column":9}},"124":{"start":{"line":242,"column":12},"end":{"line":242,"column":84}},"125":{"start":{"line":244,"column":12},"end":{"line":244,"column":41}},"126":{"start":{"line":245,"column":12},"end":{"line":245,"column":34}},"127":{"start":{"line":248,"column":27},"end":{"line":248,"column":50}},"128":{"start":{"line":249,"column":12},"end":{"line":249,"column":39}},"129":{"start":{"line":250,"column":12},"end":{"line":250,"column":55}},"130":{"start":{"line":252,"column":12},"end":{"line":252,"column":30}},"131":{"start":{"line":257,"column":8},"end":{"line":257,"column":24}},"132":{"start":{"line":263,"column":8},"end":{"line":300,"column":9}},"133":{"start":{"line":264,"column":12},"end":{"line":264,"column":93}},"134":{"start":{"line":265,"column":15},"end":{"line":300,"column":9}},"135":{"start":{"line":266,"column":12},"end":{"line":266,"column":76}},"136":{"start":{"line":268,"column":27},"end":{"line":268,"column":44}},"137":{"start":{"line":269,"column":12},"end":{"line":269,"column":105}},"138":{"start":{"line":270,"column":12},"end":{"line":270,"column":35}},"139":{"start":{"line":272,"column":27},"end":{"line":272,"column":56}},"140":{"start":{"line":273,"column":31},"end":{"line":273,"column":61}},"141":{"start":{"line":274,"column":31},"end":{"line":274,"column":92}},"142":{"start":{"line":275,"column":33},"end":{"line":275,"column":91}},"143":{"start":{"line":276,"column":12},"end":{"line":288,"column":13}},"144":{"start":{"line":277,"column":16},"end":{"line":277,"column":65}},"145":{"start":{"line":278,"column":16},"end":{"line":278,"column":38}},"146":{"start":{"line":280,"column":26},"end":{"line":280,"column":48}},"147":{"start":{"line":281,"column":16},"end":{"line":281,"column":29}},"148":{"start":{"line":282,"column":16},"end":{"line":282,"column":36}},"149":{"start":{"line":283,"column":16},"end":{"line":283,"column":54}},"150":{"start":{"line":284,"column":19},"end":{"line":288,"column":13}},"151":{"start":{"line":285,"column":16},"end":{"line":285,"column":146}},"152":{"start":{"line":287,"column":16},"end":{"line":287,"column":147}},"153":{"start":{"line":289,"column":12},"end":{"line":289,"column":24}},"154":{"start":{"line":290,"column":12},"end":{"line":298,"column":13}},"155":{"start":{"line":291,"column":16},"end":{"line":291,"column":70}},"156":{"start":{"line":292,"column":16},"end":{"line":292,"column":36}},"157":{"start":{"line":293,"column":27},"end":{"line":293,"column":49}},"158":{"start":{"line":294,"column":16},"end":{"line":294,"column":30}},"159":{"start":{"line":295,"column":16},"end":{"line":295,"column":41}},"160":{"start":{"line":296,"column":16},"end":{"line":296,"column":51}},"161":{"start":{"line":297,"column":16},"end":{"line":297,"column":55}},"162":{"start":{"line":299,"column":12},"end":{"line":299,"column":47}},"163":{"start":{"line":305,"column":8},"end":{"line":305,"column":77}},"164":{"start":{"line":305,"column":34},"end":{"line":305,"column":77}},"165":{"start":{"line":306,"column":8},"end":{"line":306,"column":75}},"166":{"start":{"line":306,"column":33},"end":{"line":306,"column":75}},"167":{"start":{"line":307,"column":27},"end":{"line":307,"column":28}},"168":{"start":{"line":308,"column":8},"end":{"line":308,"column":32}},"169":{"start":{"line":309,"column":8},"end":{"line":324,"column":9}},"170":{"start":{"line":309,"column":20},"end":{"line":309,"column":21}},"171":{"start":{"line":310,"column":24},"end":{"line":310,"column":36}},"172":{"start":{"line":311,"column":12},"end":{"line":323,"column":13}},"173":{"start":{"line":312,"column":16},"end":{"line":312,"column":31}},"174":{"start":{"line":313,"column":16},"end":{"line":321,"column":17}},"175":{"start":{"line":314,"column":32},"end":{"line":314,"column":58}},"176":{"start":{"line":314,"column":59},"end":{"line":314,"column":93}},"177":{"start":{"line":314,"column":94},"end":{"line":314,"column":100}},"178":{"start":{"line":315,"column":35},"end":{"line":315,"column":61}},"179":{"start":{"line":315,"column":62},"end":{"line":315,"column":96}},"180":{"start":{"line":315,"column":97},"end":{"line":315,"column":103}},"181":{"start":{"line":316,"column":35},"end":{"line":316,"column":60}},"182":{"start":{"line":316,"column":61},"end":{"line":316,"column":95}},"183":{"start":{"line":316,"column":96},"end":{"line":316,"column":102}},"184":{"start":{"line":317,"column":34},"end":{"line":317,"column":60}},"185":{"start":{"line":317,"column":61},"end":{"line":317,"column":95}},"186":{"start":{"line":317,"column":96},"end":{"line":317,"column":102}},"187":{"start":{"line":318,"column":33},"end":{"line":318,"column":59}},"188":{"start":{"line":318,"column":60},"end":{"line":318,"column":94}},"189":{"start":{"line":318,"column":95},"end":{"line":318,"column":101}},"190":{"start":{"line":319,"column":35},"end":{"line":319,"column":61}},"191":{"start":{"line":319,"column":62},"end":{"line":319,"column":96}},"192":{"start":{"line":319,"column":97},"end":{"line":319,"column":103}},"193":{"start":{"line":320,"column":34},"end":{"line":320,"column":60}},"194":{"start":{"line":320,"column":61},"end":{"line":320,"column":95}},"195":{"start":{"line":320,"column":96},"end":{"line":320,"column":102}},"196":{"start":{"line":322,"column":16},"end":{"line":322,"column":40}},"197":{"start":{"line":325,"column":8},"end":{"line":325,"column":28}},"198":{"start":{"line":330,"column":8},"end":{"line":330,"column":77}},"199":{"start":{"line":330,"column":34},"end":{"line":330,"column":77}},"200":{"start":{"line":331,"column":29},"end":{"line":331,"column":30}},"201":{"start":{"line":332,"column":8},"end":{"line":381,"column":9}},"202":{"start":{"line":333,"column":12},"end":{"line":333,"column":43}},"203":{"start":{"line":333,"column":34},"end":{"line":333,"column":43}},"204":{"start":{"line":334,"column":28},"end":{"line":334,"column":33}},"205":{"start":{"line":335,"column":12},"end":{"line":379,"column":13}},"206":{"start":{"line":337,"column":20},"end":{"line":340,"column":21}},"207":{"start":{"line":338,"column":24},"end":{"line":338,"column":36}},"208":{"start":{"line":339,"column":24},"end":{"line":339,"column":41}},"209":{"start":{"line":341,"column":20},"end":{"line":341,"column":26}},"210":{"start":{"line":343,"column":20},"end":{"line":346,"column":21}},"211":{"start":{"line":344,"column":24},"end":{"line":344,"column":36}},"212":{"start":{"line":345,"column":24},"end":{"line":345,"column":41}},"213":{"start":{"line":348,"column":20},"end":{"line":348,"column":26}},"214":{"start":{"line":350,"column":20},"end":{"line":353,"column":21}},"215":{"start":{"line":351,"column":24},"end":{"line":351,"column":36}},"216":{"start":{"line":352,"column":24},"end":{"line":352,"column":41}},"217":{"start":{"line":354,"column":20},"end":{"line":354,"column":26}},"218":{"start":{"line":356,"column":20},"end":{"line":359,"column":21}},"219":{"start":{"line":357,"column":24},"end":{"line":357,"column":36}},"220":{"start":{"line":358,"column":24},"end":{"line":358,"column":41}},"221":{"start":{"line":360,"column":20},"end":{"line":360,"column":26}},"222":{"start":{"line":362,"column":20},"end":{"line":365,"column":21}},"223":{"start":{"line":363,"column":24},"end":{"line":363,"column":36}},"224":{"start":{"line":364,"column":24},"end":{"line":364,"column":41}},"225":{"start":{"line":366,"column":20},"end":{"line":366,"column":26}},"226":{"start":{"line":368,"column":20},"end":{"line":371,"column":21}},"227":{"start":{"line":369,"column":24},"end":{"line":369,"column":36}},"228":{"start":{"line":370,"column":24},"end":{"line":370,"column":41}},"229":{"start":{"line":372,"column":20},"end":{"line":372,"column":26}},"230":{"start":{"line":374,"column":20},"end":{"line":377,"column":21}},"231":{"start":{"line":375,"column":24},"end":{"line":375,"column":36}},"232":{"start":{"line":376,"column":24},"end":{"line":376,"column":41}},"233":{"start":{"line":378,"column":20},"end":{"line":378,"column":26}},"234":{"start":{"line":380,"column":12},"end":{"line":380,"column":43}},"235":{"start":{"line":380,"column":26},"end":{"line":380,"column":43}},"236":{"start":{"line":382,"column":8},"end":{"line":382,"column":30}},"237":{"start":{"line":388,"column":22},"end":{"line":388,"column":43}},"238":{"start":{"line":389,"column":8},"end":{"line":400,"column":9}},"239":{"start":{"line":389,"column":20},"end":{"line":389,"column":21}},"240":{"start":{"line":390,"column":12},"end":{"line":399,"column":13}},"241":{"start":{"line":391,"column":28},"end":{"line":391,"column":41}},"242":{"start":{"line":391,"column":42},"end":{"line":391,"column":48}},"243":{"start":{"line":392,"column":31},"end":{"line":392,"column":44}},"244":{"start":{"line":392,"column":45},"end":{"line":392,"column":51}},"245":{"start":{"line":393,"column":31},"end":{"line":393,"column":44}},"246":{"start":{"line":393,"column":45},"end":{"line":393,"column":51}},"247":{"start":{"line":394,"column":30},"end":{"line":394,"column":43}},"248":{"start":{"line":394,"column":44},"end":{"line":394,"column":50}},"249":{"start":{"line":395,"column":29},"end":{"line":395,"column":42}},"250":{"start":{"line":395,"column":43},"end":{"line":395,"column":49}},"251":{"start":{"line":396,"column":31},"end":{"line":396,"column":44}},"252":{"start":{"line":396,"column":45},"end":{"line":396,"column":51}},"253":{"start":{"line":397,"column":30},"end":{"line":397,"column":43}},"254":{"start":{"line":397,"column":44},"end":{"line":397,"column":50}},"255":{"start":{"line":398,"column":25},"end":{"line":398,"column":31}},"256":{"start":{"line":401,"column":8},"end":{"line":401,"column":23}},"257":{"start":{"line":405,"column":16},"end":{"line":429,"column":5}},"258":{"start":{"line":406,"column":8},"end":{"line":406,"column":32}},"259":{"start":{"line":406,"column":25},"end":{"line":406,"column":32}},"260":{"start":{"line":407,"column":8},"end":{"line":428,"column":9}},"261":{"start":{"line":408,"column":12},"end":{"line":408,"column":71}},"262":{"start":{"line":410,"column":12},"end":{"line":410,"column":45}},"263":{"start":{"line":411,"column":12},"end":{"line":427,"column":13}},"264":{"start":{"line":413,"column":16},"end":{"line":416,"column":17}},"265":{"start":{"line":414,"column":20},"end":{"line":414,"column":37}},"266":{"start":{"line":415,"column":20},"end":{"line":415,"column":111}},"267":{"start":{"line":417,"column":16},"end":{"line":417,"column":43}},"268":{"start":{"line":418,"column":16},"end":{"line":418,"column":47}},"269":{"start":{"line":419,"column":16},"end":{"line":424,"column":17}},"270":{"start":{"line":420,"column":20},"end":{"line":420,"column":123}},"271":{"start":{"line":421,"column":20},"end":{"line":421,"column":47}},"272":{"start":{"line":423,"column":20},"end":{"line":423,"column":48}},"273":{"start":{"line":426,"column":16},"end":{"line":426,"column":72}},"274":{"start":{"line":433,"column":8},"end":{"line":433,"column":32}},"275":{"start":{"line":433,"column":25},"end":{"line":433,"column":32}},"276":{"start":{"line":434,"column":8},"end":{"line":457,"column":9}},"277":{"start":{"line":435,"column":12},"end":{"line":435,"column":96}},"278":{"start":{"line":436,"column":15},"end":{"line":457,"column":9}},"279":{"start":{"line":437,"column":12},"end":{"line":437,"column":72}},"280":{"start":{"line":439,"column":12},"end":{"line":439,"column":45}},"281":{"start":{"line":440,"column":12},"end":{"line":456,"column":13}},"282":{"start":{"line":442,"column":16},"end":{"line":445,"column":17}},"283":{"start":{"line":443,"column":20},"end":{"line":443,"column":38}},"284":{"start":{"line":444,"column":20},"end":{"line":444,"column":112}},"285":{"start":{"line":446,"column":16},"end":{"line":446,"column":44}},"286":{"start":{"line":447,"column":16},"end":{"line":452,"column":17}},"287":{"start":{"line":448,"column":20},"end":{"line":448,"column":124}},"288":{"start":{"line":449,"column":20},"end":{"line":449,"column":48}},"289":{"start":{"line":451,"column":20},"end":{"line":451,"column":49}},"290":{"start":{"line":453,"column":16},"end":{"line":453,"column":48}},"291":{"start":{"line":455,"column":16},"end":{"line":455,"column":72}},"292":{"start":{"line":462,"column":8},"end":{"line":462,"column":32}},"293":{"start":{"line":462,"column":25},"end":{"line":462,"column":32}},"294":{"start":{"line":463,"column":18},"end":{"line":463,"column":20}},"295":{"start":{"line":464,"column":8},"end":{"line":466,"column":9}},"296":{"start":{"line":464,"column":20},"end":{"line":464,"column":21}},"297":{"start":{"line":465,"column":12},"end":{"line":465,"column":32}},"298":{"start":{"line":467,"column":8},"end":{"line":467,"column":43}}},"fnMap":{"0":{"name":"(anonymous_0)","decl":{"start":{"line":2,"column":4},"end":{"line":2,"column":5}},"loc":{"start":{"line":2,"column":34},"end":{"line":18,"column":5}},"line":2},"1":{"name":"(anonymous_1)","decl":{"start":{"line":21,"column":4},"end":{"line":21,"column":5}},"loc":{"start":{"line":21,"column":28},"end":{"line":30,"column":5}},"line":21},"2":{"name":"(anonymous_2)","decl":{"start":{"line":33,"column":4},"end":{"line":33,"column":5}},"loc":{"start":{"line":33,"column":26},"end":{"line":45,"column":5}},"line":33},"3":{"name":"(anonymous_3)","decl":{"start":{"line":47,"column":4},"end":{"line":47,"column":5}},"loc":{"start":{"line":47,"column":15},"end":{"line":49,"column":5}},"line":47},"4":{"name":"(anonymous_4)","decl":{"start":{"line":51,"column":4},"end":{"line":51,"column":5}},"loc":{"start":{"line":51,"column":15},"end":{"line":53,"column":5}},"line":51},"5":{"name":"(anonymous_5)","decl":{"start":{"line":55,"column":4},"end":{"line":55,"column":5}},"loc":{"start":{"line":55,"column":15},"end":{"line":59,"column":5}},"line":55},"6":{"name":"(anonymous_6)","decl":{"start":{"line":56,"column":27},"end":{"line":56,"column":28}},"loc":{"start":{"line":56,"column":38},"end":{"line":58,"column":9}},"line":56},"7":{"name":"(anonymous_7)","decl":{"start":{"line":61,"column":4},"end":{"line":61,"column":5}},"loc":{"start":{"line":61,"column":18},"end":{"line":65,"column":5}},"line":61},"8":{"name":"(anonymous_8)","decl":{"start":{"line":62,"column":30},"end":{"line":62,"column":31}},"loc":{"start":{"line":62,"column":41},"end":{"line":64,"column":9}},"line":62},"9":{"name":"(anonymous_9)","decl":{"start":{"line":67,"column":4},"end":{"line":67,"column":5}},"loc":{"start":{"line":67,"column":18},"end":{"line":71,"column":5}},"line":67},"10":{"name":"(anonymous_10)","decl":{"start":{"line":68,"column":30},"end":{"line":68,"column":31}},"loc":{"start":{"line":68,"column":41},"end":{"line":70,"column":9}},"line":68},"11":{"name":"(anonymous_11)","decl":{"start":{"line":73,"column":4},"end":{"line":73,"column":5}},"loc":{"start":{"line":73,"column":17},"end":{"line":77,"column":5}},"line":73},"12":{"name":"(anonymous_12)","decl":{"start":{"line":74,"column":29},"end":{"line":74,"column":30}},"loc":{"start":{"line":74,"column":40},"end":{"line":76,"column":9}},"line":74},"13":{"name":"(anonymous_13)","decl":{"start":{"line":79,"column":4},"end":{"line":79,"column":5}},"loc":{"start":{"line":79,"column":16},"end":{"line":83,"column":5}},"line":79},"14":{"name":"(anonymous_14)","decl":{"start":{"line":80,"column":28},"end":{"line":80,"column":29}},"loc":{"start":{"line":80,"column":39},"end":{"line":82,"column":9}},"line":80},"15":{"name":"(anonymous_15)","decl":{"start":{"line":85,"column":4},"end":{"line":85,"column":5}},"loc":{"start":{"line":85,"column":18},"end":{"line":89,"column":5}},"line":85},"16":{"name":"(anonymous_16)","decl":{"start":{"line":86,"column":30},"end":{"line":86,"column":31}},"loc":{"start":{"line":86,"column":41},"end":{"line":88,"column":9}},"line":86},"17":{"name":"(anonymous_17)","decl":{"start":{"line":91,"column":4},"end":{"line":91,"column":5}},"loc":{"start":{"line":91,"column":17},"end":{"line":95,"column":5}},"line":91},"18":{"name":"(anonymous_18)","decl":{"start":{"line":92,"column":29},"end":{"line":92,"column":30}},"loc":{"start":{"line":92,"column":40},"end":{"line":94,"column":9}},"line":92},"19":{"name":"(anonymous_19)","decl":{"start":{"line":97,"column":20},"end":{"line":97,"column":21}},"loc":{"start":{"line":97,"column":32},"end":{"line":99,"column":5}},"line":97},"20":{"name":"(anonymous_20)","decl":{"start":{"line":101,"column":4},"end":{"line":101,"column":5}},"loc":{"start":{"line":101,"column":25},"end":{"line":103,"column":5}},"line":101},"21":{"name":"(anonymous_21)","decl":{"start":{"line":105,"column":4},"end":{"line":105,"column":5}},"loc":{"start":{"line":105,"column":25},"end":{"line":111,"column":5}},"line":105},"22":{"name":"(anonymous_22)","decl":{"start":{"line":113,"column":4},"end":{"line":113,"column":5}},"loc":{"start":{"line":113,"column":41},"end":{"line":118,"column":5}},"line":113},"23":{"name":"(anonymous_23)","decl":{"start":{"line":120,"column":4},"end":{"line":120,"column":5}},"loc":{"start":{"line":120,"column":20},"end":{"line":165,"column":5}},"line":120},"24":{"name":"(anonymous_24)","decl":{"start":{"line":121,"column":24},"end":{"line":121,"column":25}},"loc":{"start":{"line":121,"column":31},"end":{"line":160,"column":9}},"line":121},"25":{"name":"(anonymous_25)","decl":{"start":{"line":162,"column":45},"end":{"line":162,"column":46}},"loc":{"start":{"line":162,"column":57},"end":{"line":164,"column":9}},"line":162},"26":{"name":"(anonymous_26)","decl":{"start":{"line":169,"column":4},"end":{"line":169,"column":5}},"loc":{"start":{"line":169,"column":26},"end":{"line":176,"column":5}},"line":169},"27":{"name":"(anonymous_27)","decl":{"start":{"line":179,"column":25},"end":{"line":179,"column":26}},"loc":{"start":{"line":179,"column":36},"end":{"line":185,"column":5}},"line":179},"28":{"name":"(anonymous_28)","decl":{"start":{"line":188,"column":22},"end":{"line":188,"column":23}},"loc":{"start":{"line":188,"column":39},"end":{"line":194,"column":5}},"line":188},"29":{"name":"(anonymous_29)","decl":{"start":{"line":198,"column":16},"end":{"line":198,"column":17}},"loc":{"start":{"line":198,"column":27},"end":{"line":206,"column":5}},"line":198},"30":{"name":"(anonymous_30)","decl":{"start":{"line":209,"column":4},"end":{"line":209,"column":5}},"loc":{"start":{"line":209,"column":17},"end":{"line":217,"column":5}},"line":209},"31":{"name":"(anonymous_31)","decl":{"start":{"line":220,"column":4},"end":{"line":220,"column":5}},"loc":{"start":{"line":220,"column":18},"end":{"line":236,"column":5}},"line":220},"32":{"name":"(anonymous_32)","decl":{"start":{"line":239,"column":4},"end":{"line":239,"column":5}},"loc":{"start":{"line":239,"column":19},"end":{"line":254,"column":5}},"line":239},"33":{"name":"(anonymous_33)","decl":{"start":{"line":256,"column":4},"end":{"line":256,"column":5}},"loc":{"start":{"line":256,"column":17},"end":{"line":258,"column":5}},"line":256},"34":{"name":"(anonymous_34)","decl":{"start":{"line":262,"column":4},"end":{"line":262,"column":5}},"loc":{"start":{"line":262,"column":17},"end":{"line":301,"column":5}},"line":262},"35":{"name":"(anonymous_35)","decl":{"start":{"line":304,"column":4},"end":{"line":304,"column":5}},"loc":{"start":{"line":304,"column":60},"end":{"line":326,"column":5}},"line":304},"36":{"name":"(anonymous_36)","decl":{"start":{"line":329,"column":4},"end":{"line":329,"column":5}},"loc":{"start":{"line":329,"column":57},"end":{"line":383,"column":5}},"line":329},"37":{"name":"(anonymous_37)","decl":{"start":{"line":387,"column":4},"end":{"line":387,"column":5}},"loc":{"start":{"line":387,"column":27},"end":{"line":402,"column":5}},"line":387},"38":{"name":"(anonymous_38)","decl":{"start":{"line":405,"column":16},"end":{"line":405,"column":17}},"loc":{"start":{"line":405,"column":32},"end":{"line":429,"column":5}},"line":405},"39":{"name":"(anonymous_39)","decl":{"start":{"line":432,"column":4},"end":{"line":432,"column":5}},"loc":{"start":{"line":432,"column":22},"end":{"line":458,"column":5}},"line":432},"40":{"name":"(anonymous_40)","decl":{"start":{"line":461,"column":4},"end":{"line":461,"column":5}},"loc":{"start":{"line":461,"column":26},"end":{"line":468,"column":5}},"line":461}},"branchMap":{"0":{"loc":{"start":{"line":23,"column":8},"end":{"line":29,"column":9}},"type":"if","locations":[{"start":{"line":23,"column":8},"end":{"line":29,"column":9}},{"start":{"line":26,"column":15},"end":{"line":29,"column":9}}],"line":23},"1":{"loc":{"start":{"line":35,"column":8},"end":{"line":43,"column":9}},"type":"if","locations":[{"start":{"line":35,"column":8},"end":{"line":43,"column":9}},{"start":{"line":39,"column":15},"end":{"line":43,"column":9}}],"line":35},"2":{"loc":{"start":{"line":106,"column":8},"end":{"line":110,"column":9}},"type":"if","locations":[{"start":{"line":106,"column":8},"end":{"line":110,"column":9}},{"start":{"line":108,"column":15},"end":{"line":110,"column":9}}],"line":106},"3":{"loc":{"start":{"line":122,"column":12},"end":{"line":122,"column":36}},"type":"if","locations":[{"start":{"line":122,"column":12},"end":{"line":122,"column":36}},{"start":{},"end":{}}],"line":122},"4":{"loc":{"start":{"line":124,"column":12},"end":{"line":159,"column":13}},"type":"if","locations":[{"start":{"line":124,"column":12},"end":{"line":159,"column":13}},{"start":{"line":149,"column":19},"end":{"line":159,"column":13}}],"line":124},"5":{"loc":{"start":{"line":130,"column":16},"end":{"line":144,"column":17}},"type":"if","locations":[{"start":{"line":130,"column":16},"end":{"line":144,"column":17}},{"start":{"line":136,"column":23},"end":{"line":144,"column":17}}],"line":130},"6":{"loc":{"start":{"line":131,"column":20},"end":{"line":135,"column":21}},"type":"if","locations":[{"start":{"line":131,"column":20},"end":{"line":135,"column":21}},{"start":{"line":133,"column":27},"end":{"line":135,"column":21}}],"line":131},"7":{"loc":{"start":{"line":136,"column":23},"end":{"line":144,"column":17}},"type":"if","locations":[{"start":{"line":136,"column":23},"end":{"line":144,"column":17}},{"start":{"line":142,"column":23},"end":{"line":144,"column":17}}],"line":136},"8":{"loc":{"start":{"line":137,"column":20},"end":{"line":141,"column":21}},"type":"if","locations":[{"start":{"line":137,"column":20},"end":{"line":141,"column":21}},{"start":{"line":139,"column":27},"end":{"line":141,"column":21}}],"line":137},"9":{"loc":{"start":{"line":149,"column":19},"end":{"line":159,"column":13}},"type":"if","locations":[{"start":{"line":149,"column":19},"end":{"line":159,"column":13}},{"start":{"line":154,"column":19},"end":{"line":159,"column":13}}],"line":149},"10":{"loc":{"start":{"line":150,"column":16},"end":{"line":153,"column":17}},"type":"if","locations":[{"start":{"line":150,"column":16},"end":{"line":153,"column":17}},{"start":{},"end":{}}],"line":150},"11":{"loc":{"start":{"line":155,"column":16},"end":{"line":158,"column":17}},"type":"if","locations":[{"start":{"line":155,"column":16},"end":{"line":158,"column":17}},{"start":{},"end":{}}],"line":155},"12":{"loc":{"start":{"line":171,"column":8},"end":{"line":175,"column":9}},"type":"if","locations":[{"start":{"line":171,"column":8},"end":{"line":175,"column":9}},{"start":{"line":173,"column":15},"end":{"line":175,"column":9}}],"line":171},"13":{"loc":{"start":{"line":180,"column":8},"end":{"line":184,"column":9}},"type":"if","locations":[{"start":{"line":180,"column":8},"end":{"line":184,"column":9}},{"start":{"line":182,"column":15},"end":{"line":184,"column":9}}],"line":180},"14":{"loc":{"start":{"line":189,"column":8},"end":{"line":193,"column":9}},"type":"if","locations":[{"start":{"line":189,"column":8},"end":{"line":193,"column":9}},{"start":{"line":191,"column":15},"end":{"line":193,"column":9}}],"line":189},"15":{"loc":{"start":{"line":199,"column":8},"end":{"line":205,"column":9}},"type":"if","locations":[{"start":{"line":199,"column":8},"end":{"line":205,"column":9}},{"start":{"line":201,"column":15},"end":{"line":205,"column":9}}],"line":199},"16":{"loc":{"start":{"line":210,"column":8},"end":{"line":216,"column":9}},"type":"if","locations":[{"start":{"line":210,"column":8},"end":{"line":216,"column":9}},{"start":{"line":212,"column":15},"end":{"line":216,"column":9}}],"line":210},"17":{"loc":{"start":{"line":221,"column":8},"end":{"line":235,"column":9}},"type":"if","locations":[{"start":{"line":221,"column":8},"end":{"line":235,"column":9}},{"start":{"line":223,"column":15},"end":{"line":235,"column":9}}],"line":221},"18":{"loc":{"start":{"line":240,"column":8},"end":{"line":240,"column":32}},"type":"if","locations":[{"start":{"line":240,"column":8},"end":{"line":240,"column":32}},{"start":{},"end":{}}],"line":240},"19":{"loc":{"start":{"line":241,"column":8},"end":{"line":253,"column":9}},"type":"if","locations":[{"start":{"line":241,"column":8},"end":{"line":253,"column":9}},{"start":{"line":243,"column":15},"end":{"line":253,"column":9}}],"line":241},"20":{"loc":{"start":{"line":263,"column":8},"end":{"line":300,"column":9}},"type":"if","locations":[{"start":{"line":263,"column":8},"end":{"line":300,"column":9}},{"start":{"line":265,"column":15},"end":{"line":300,"column":9}}],"line":263},"21":{"loc":{"start":{"line":265,"column":15},"end":{"line":300,"column":9}},"type":"if","locations":[{"start":{"line":265,"column":15},"end":{"line":300,"column":9}},{"start":{"line":267,"column":15},"end":{"line":300,"column":9}}],"line":265},"22":{"loc":{"start":{"line":276,"column":12},"end":{"line":288,"column":13}},"type":"if","locations":[{"start":{"line":276,"column":12},"end":{"line":288,"column":13}},{"start":{"line":284,"column":19},"end":{"line":288,"column":13}}],"line":276},"23":{"loc":{"start":{"line":284,"column":19},"end":{"line":288,"column":13}},"type":"if","locations":[{"start":{"line":284,"column":19},"end":{"line":288,"column":13}},{"start":{"line":286,"column":19},"end":{"line":288,"column":13}}],"line":284},"24":{"loc":{"start":{"line":290,"column":12},"end":{"line":298,"column":13}},"type":"if","locations":[{"start":{"line":290,"column":12},"end":{"line":298,"column":13}},{"start":{},"end":{}}],"line":290},"25":{"loc":{"start":{"line":305,"column":8},"end":{"line":305,"column":77}},"type":"if","locations":[{"start":{"line":305,"column":8},"end":{"line":305,"column":77}},{"start":{},"end":{}}],"line":305},"26":{"loc":{"start":{"line":306,"column":8},"end":{"line":306,"column":75}},"type":"if","locations":[{"start":{"line":306,"column":8},"end":{"line":306,"column":75}},{"start":{},"end":{}}],"line":306},"27":{"loc":{"start":{"line":311,"column":12},"end":{"line":323,"column":13}},"type":"if","locations":[{"start":{"line":311,"column":12},"end":{"line":323,"column":13}},{"start":{},"end":{}}],"line":311},"28":{"loc":{"start":{"line":313,"column":16},"end":{"line":321,"column":17}},"type":"switch","locations":[{"start":{"line":314,"column":20},"end":{"line":314,"column":100}},{"start":{"line":315,"column":20},"end":{"line":315,"column":103}},{"start":{"line":316,"column":20},"end":{"line":316,"column":102}},{"start":{"line":317,"column":20},"end":{"line":317,"column":102}},{"start":{"line":318,"column":20},"end":{"line":318,"column":101}},{"start":{"line":319,"column":20},"end":{"line":319,"column":103}},{"start":{"line":320,"column":20},"end":{"line":320,"column":102}}],"line":313},"29":{"loc":{"start":{"line":330,"column":8},"end":{"line":330,"column":77}},"type":"if","locations":[{"start":{"line":330,"column":8},"end":{"line":330,"column":77}},{"start":{},"end":{}}],"line":330},"30":{"loc":{"start":{"line":333,"column":12},"end":{"line":333,"column":43}},"type":"if","locations":[{"start":{"line":333,"column":12},"end":{"line":333,"column":43}},{"start":{},"end":{}}],"line":333},"31":{"loc":{"start":{"line":335,"column":12},"end":{"line":379,"column":13}},"type":"switch","locations":[{"start":{"line":336,"column":16},"end":{"line":341,"column":26}},{"start":{"line":342,"column":16},"end":{"line":348,"column":26}},{"start":{"line":349,"column":16},"end":{"line":354,"column":26}},{"start":{"line":355,"column":16},"end":{"line":360,"column":26}},{"start":{"line":361,"column":16},"end":{"line":366,"column":26}},{"start":{"line":367,"column":16},"end":{"line":372,"column":26}},{"start":{"line":373,"column":16},"end":{"line":378,"column":26}}],"line":335},"32":{"loc":{"start":{"line":337,"column":20},"end":{"line":340,"column":21}},"type":"if","locations":[{"start":{"line":337,"column":20},"end":{"line":340,"column":21}},{"start":{},"end":{}}],"line":337},"33":{"loc":{"start":{"line":337,"column":23},"end":{"line":337,"column":57}},"type":"binary-expr","locations":[{"start":{"line":337,"column":23},"end":{"line":337,"column":36}},{"start":{"line":337,"column":40},"end":{"line":337,"column":57}}],"line":337},"34":{"loc":{"start":{"line":343,"column":20},"end":{"line":346,"column":21}},"type":"if","locations":[{"start":{"line":343,"column":20},"end":{"line":346,"column":21}},{"start":{},"end":{}}],"line":343},"35":{"loc":{"start":{"line":343,"column":23},"end":{"line":343,"column":57}},"type":"binary-expr","locations":[{"start":{"line":343,"column":23},"end":{"line":343,"column":36}},{"start":{"line":343,"column":40},"end":{"line":343,"column":57}}],"line":343},"36":{"loc":{"start":{"line":350,"column":20},"end":{"line":353,"column":21}},"type":"if","locations":[{"start":{"line":350,"column":20},"end":{"line":353,"column":21}},{"start":{},"end":{}}],"line":350},"37":{"loc":{"start":{"line":350,"column":23},"end":{"line":350,"column":57}},"type":"binary-expr","locations":[{"start":{"line":350,"column":23},"end":{"line":350,"column":36}},{"start":{"line":350,"column":40},"end":{"line":350,"column":57}}],"line":350},"38":{"loc":{"start":{"line":356,"column":20},"end":{"line":359,"column":21}},"type":"if","locations":[{"start":{"line":356,"column":20},"end":{"line":359,"column":21}},{"start":{},"end":{}}],"line":356},"39":{"loc":{"start":{"line":356,"column":23},"end":{"line":356,"column":57}},"type":"binary-expr","locations":[{"start":{"line":356,"column":23},"end":{"line":356,"column":36}},{"start":{"line":356,"column":40},"end":{"line":356,"column":57}}],"line":356},"40":{"loc":{"start":{"line":362,"column":20},"end":{"line":365,"column":21}},"type":"if","locations":[{"start":{"line":362,"column":20},"end":{"line":365,"column":21}},{"start":{},"end":{}}],"line":362},"41":{"loc":{"start":{"line":362,"column":23},"end":{"line":362,"column":57}},"type":"binary-expr","locations":[{"start":{"line":362,"column":23},"end":{"line":362,"column":36}},{"start":{"line":362,"column":40},"end":{"line":362,"column":57}}],"line":362},"42":{"loc":{"start":{"line":368,"column":20},"end":{"line":371,"column":21}},"type":"if","locations":[{"start":{"line":368,"column":20},"end":{"line":371,"column":21}},{"start":{},"end":{}}],"line":368},"43":{"loc":{"start":{"line":368,"column":23},"end":{"line":368,"column":57}},"type":"binary-expr","locations":[{"start":{"line":368,"column":23},"end":{"line":368,"column":36}},{"start":{"line":368,"column":40},"end":{"line":368,"column":57}}],"line":368},"44":{"loc":{"start":{"line":374,"column":20},"end":{"line":377,"column":21}},"type":"if","locations":[{"start":{"line":374,"column":20},"end":{"line":377,"column":21}},{"start":{},"end":{}}],"line":374},"45":{"loc":{"start":{"line":374,"column":23},"end":{"line":374,"column":57}},"type":"binary-expr","locations":[{"start":{"line":374,"column":23},"end":{"line":374,"column":36}},{"start":{"line":374,"column":40},"end":{"line":374,"column":57}}],"line":374},"46":{"loc":{"start":{"line":380,"column":12},"end":{"line":380,"column":43}},"type":"if","locations":[{"start":{"line":380,"column":12},"end":{"line":380,"column":43}},{"start":{},"end":{}}],"line":380},"47":{"loc":{"start":{"line":390,"column":12},"end":{"line":399,"column":13}},"type":"switch","locations":[{"start":{"line":391,"column":16},"end":{"line":391,"column":48}},{"start":{"line":392,"column":16},"end":{"line":392,"column":51}},{"start":{"line":393,"column":16},"end":{"line":393,"column":51}},{"start":{"line":394,"column":16},"end":{"line":394,"column":50}},{"start":{"line":395,"column":16},"end":{"line":395,"column":49}},{"start":{"line":396,"column":16},"end":{"line":396,"column":51}},{"start":{"line":397,"column":16},"end":{"line":397,"column":50}},{"start":{"line":398,"column":16},"end":{"line":398,"column":31}}],"line":390},"48":{"loc":{"start":{"line":406,"column":8},"end":{"line":406,"column":32}},"type":"if","locations":[{"start":{"line":406,"column":8},"end":{"line":406,"column":32}},{"start":{},"end":{}}],"line":406},"49":{"loc":{"start":{"line":407,"column":8},"end":{"line":428,"column":9}},"type":"if","locations":[{"start":{"line":407,"column":8},"end":{"line":428,"column":9}},{"start":{"line":409,"column":15},"end":{"line":428,"column":9}}],"line":407},"50":{"loc":{"start":{"line":411,"column":12},"end":{"line":427,"column":13}},"type":"if","locations":[{"start":{"line":411,"column":12},"end":{"line":427,"column":13}},{"start":{"line":425,"column":19},"end":{"line":427,"column":13}}],"line":411},"51":{"loc":{"start":{"line":411,"column":15},"end":{"line":412,"column":51}},"type":"binary-expr","locations":[{"start":{"line":411,"column":15},"end":{"line":411,"column":30}},{"start":{"line":411,"column":34},"end":{"line":411,"column":52}},{"start":{"line":411,"column":56},"end":{"line":411,"column":74}},{"start":{"line":411,"column":78},"end":{"line":411,"column":95}},{"start":{"line":411,"column":99},"end":{"line":411,"column":115}},{"start":{"line":412,"column":12},"end":{"line":412,"column":30}},{"start":{"line":412,"column":34},"end":{"line":412,"column":51}}],"line":411},"52":{"loc":{"start":{"line":413,"column":16},"end":{"line":416,"column":17}},"type":"if","locations":[{"start":{"line":413,"column":16},"end":{"line":416,"column":17}},{"start":{},"end":{}}],"line":413},"53":{"loc":{"start":{"line":419,"column":16},"end":{"line":424,"column":17}},"type":"if","locations":[{"start":{"line":419,"column":16},"end":{"line":424,"column":17}},{"start":{"line":422,"column":23},"end":{"line":424,"column":17}}],"line":419},"54":{"loc":{"start":{"line":433,"column":8},"end":{"line":433,"column":32}},"type":"if","locations":[{"start":{"line":433,"column":8},"end":{"line":433,"column":32}},{"start":{},"end":{}}],"line":433},"55":{"loc":{"start":{"line":434,"column":8},"end":{"line":457,"column":9}},"type":"if","locations":[{"start":{"line":434,"column":8},"end":{"line":457,"column":9}},{"start":{"line":436,"column":15},"end":{"line":457,"column":9}}],"line":434},"56":{"loc":{"start":{"line":436,"column":15},"end":{"line":457,"column":9}},"type":"if","locations":[{"start":{"line":436,"column":15},"end":{"line":457,"column":9}},{"start":{"line":438,"column":15},"end":{"line":457,"column":9}}],"line":436},"57":{"loc":{"start":{"line":440,"column":12},"end":{"line":456,"column":13}},"type":"if","locations":[{"start":{"line":440,"column":12},"end":{"line":456,"column":13}},{"start":{"line":454,"column":19},"end":{"line":456,"column":13}}],"line":440},"58":{"loc":{"start":{"line":440,"column":15},"end":{"line":441,"column":51}},"type":"binary-expr","locations":[{"start":{"line":440,"column":15},"end":{"line":440,"column":30}},{"start":{"line":440,"column":34},"end":{"line":440,"column":52}},{"start":{"line":440,"column":56},"end":{"line":440,"column":74}},{"start":{"line":440,"column":78},"end":{"line":440,"column":95}},{"start":{"line":440,"column":99},"end":{"line":440,"column":115}},{"start":{"line":441,"column":12},"end":{"line":441,"column":30}},{"start":{"line":441,"column":34},"end":{"line":441,"column":51}}],"line":440},"59":{"loc":{"start":{"line":442,"column":16},"end":{"line":445,"column":17}},"type":"if","locations":[{"start":{"line":442,"column":16},"end":{"line":445,"column":17}},{"start":{},"end":{}}],"line":442},"60":{"loc":{"start":{"line":447,"column":16},"end":{"line":452,"column":17}},"type":"if","locations":[{"start":{"line":447,"column":16},"end":{"line":452,"column":17}},{"start":{"line":450,"column":23},"end":{"line":452,"column":17}}],"line":447},"61":{"loc":{"start":{"line":462,"column":8},"end":{"line":462,"column":32}},"type":"if","locations":[{"start":{"line":462,"column":8},"end":{"line":462,"column":32}},{"start":{},"end":{}}],"line":462}},"s":{"0":18,"1":18,"2":18,"3":18,"4":108,"5":18,"6":18,"7":18,"8":18,"9":18,"10":18,"11":18,"12":18,"13":18,"14":126,"15":18,"16":0,"17":0,"18":0,"19":0,"20":0,"21":0,"22":2,"23":2,"24":0,"25":0,"26":0,"27":2,"28":2,"29":12,"30":2,"31":0,"32":0,"33":0,"34":0,"35":0,"36":0,"37":0,"38":0,"39":0,"40":0,"41":0,"42":0,"43":0,"44":0,"45":0,"46":0,"47":18,"48":0,"49":0,"50":0,"51":0,"52":0,"53":0,"54":0,"55":0,"56":0,"57":0,"58":0,"59":0,"60":0,"61":0,"62":0,"63":0,"64":0,"65":0,"66":0,"67":0,"68":0,"69":0,"70":0,"71":0,"72":0,"73":0,"74":0,"75":0,"76":0,"77":0,"78":0,"79":0,"80":0,"81":0,"82":0,"83":0,"84":0,"85":0,"86":0,"87":0,"88":0,"89":0,"90":0,"91":0,"92":0,"93":18,"94":0,"95":0,"96":0,"97":18,"98":0,"99":0,"100":0,"101":18,"102":0,"103":0,"104":0,"105":0,"106":0,"107":0,"108":0,"109":0,"110":0,"111":0,"112":0,"113":0,"114":0,"115":0,"116":0,"117":0,"118":0,"119":0,"120":0,"121":0,"122":0,"123":0,"124":0,"125":0,"126":0,"127":0,"128":0,"129":0,"130":0,"131":0,"132":4,"133":1,"134":3,"135":1,"136":2,"137":2,"138":2,"139":2,"140":2,"141":2,"142":2,"143":2,"144":0,"145":0,"146":0,"147":0,"148":0,"149":0,"150":2,"151":1,"152":1,"153":2,"154":2,"155":0,"156":0,"157":0,"158":0,"159":0,"160":0,"161":0,"162":2,"163":10,"164":1,"165":9,"166":1,"167":8,"168":8,"169":8,"170":8,"171":48,"172":48,"173":11,"174":11,"175":5,"176":5,"177":5,"178":1,"179":1,"180":1,"181":1,"182":1,"183":1,"184":1,"185":1,"186":1,"187":1,"188":1,"189":1,"190":1,"191":1,"192":1,"193":1,"194":1,"195":1,"196":11,"197":8,"198":7,"199":1,"200":6,"201":6,"202":36,"203":3,"204":33,"205":33,"206":7,"207":2,"208":2,"209":7,"210":8,"211":7,"212":7,"213":8,"214":8,"215":1,"216":1,"217":8,"218":4,"219":1,"220":1,"221":4,"222":3,"223":1,"224":1,"225":3,"226":2,"227":0,"228":0,"229":2,"230":1,"231":1,"232":1,"233":1,"234":33,"235":13,"236":6,"237":20,"238":20,"239":20,"240":105,"241":25,"242":25,"243":21,"244":21,"245":14,"246":14,"247":10,"248":10,"249":11,"250":11,"251":7,"252":7,"253":13,"254":13,"255":4,"256":20,"257":18,"258":0,"259":0,"260":0,"261":0,"262":0,"263":0,"264":0,"265":0,"266":0,"267":0,"268":0,"269":0,"270":0,"271":0,"272":0,"273":0,"274":0,"275":0,"276":0,"277":0,"278":0,"279":0,"280":0,"281":0,"282":0,"283":0,"284":0,"285":0,"286":0,"287":0,"288":0,"289":0,"290":0,"291":0,"292":0,"293":0,"294":0,"295":0,"296":0,"297":0,"298":0},"f":{"0":18,"1":0,"2":2,"3":0,"4":0,"5":0,"6":0,"7":0,"8":0,"9":0,"10":0,"11":0,"12":0,"13":0,"14":0,"15":0,"16":0,"17":0,"18":0,"19":0,"20":0,"21":0,"22":0,"23":0,"24":0,"25":0,"26":0,"27":0,"28":0,"29":0,"30":0,"31":0,"32":0,"33":0,"34":4,"35":10,"36":7,"37":20,"38":0,"39":0,"40":0},"b":{"0":[0,0],"1":[0,2],"2":[0,0],"3":[0,0],"4":[0,0],"5":[0,0],"6":[0,0],"7":[0,0],"8":[0,0],"9":[0,0],"10":[0,0],"11":[0,0],"12":[0,0],"13":[0,0],"14":[0,0],"15":[0,0],"16":[0,0],"17":[0,0],"18":[0,0],"19":[0,0],"20":[1,3],"21":[1,2],"22":[0,2],"23":[1,1],"24":[0,2],"25":[1,9],"26":[1,8],"27":[11,37],"28":[5,1,1,1,1,1,1],"29":[1,6],"30":[3,33],"31":[7,8,8,4,3,2,1],"32":[2,5],"33":[7,6],"34":[7,1],"35":[8,7],"36":[1,7],"37":[8,1],"38":[1,3],"39":[4,1],"40":[1,2],"41":[3,1],"42":[0,2],"43":[2,0],"44":[1,0],"45":[1,1],"46":[13,20],"47":[25,21,14,10,11,7,13,4],"48":[0,0],"49":[0,0],"50":[0,0],"51":[0,0,0,0,0,0,0],"52":[0,0],"53":[0,0],"54":[0,0],"55":[0,0],"56":[0,0],"57":[0,0],"58":[0,0,0,0,0,0,0],"59":[0,0],"60":[0,0],"61":[0,0]},"_coverageSchema":"1a1c01bbd47fc00a2c39e90264f33305004495a9","hash":"03870935ad0c1d7454e64d144aba83c308e3b974"}
,"/Users/bendikchristensen/Library_Heist/public/scripts/messages.js": {"path":"/Users/bendikchristensen/Library_Heist/public/scripts/messages.js","statementMap":{"0":{"start":{"line":3,"column":0},"end":{"line":83,"column":68}},"1":{"start":{"line":7,"column":2},"end":{"line":7,"column":40}},"2":{"start":{"line":8,"column":2},"end":{"line":11,"column":4}},"3":{"start":{"line":16,"column":2},"end":{"line":19,"column":4}},"4":{"start":{"line":20,"column":2},"end":{"line":20,"column":66}},"5":{"start":{"line":25,"column":2},"end":{"line":25,"column":45}},"6":{"start":{"line":26,"column":2},"end":{"line":26,"column":54}},"7":{"start":{"line":31,"column":2},"end":{"line":31,"column":40}},"8":{"start":{"line":32,"column":2},"end":{"line":35,"column":4}},"9":{"start":{"line":41,"column":2},"end":{"line":44,"column":4}},"10":{"start":{"line":50,"column":2},"end":{"line":50,"column":37}},"11":{"start":{"line":51,"column":2},"end":{"line":54,"column":4}},"12":{"start":{"line":61,"column":2},"end":{"line":61,"column":42}},"13":{"start":{"line":62,"column":2},"end":{"line":65,"column":4}},"14":{"start":{"line":69,"column":2},"end":{"line":69,"column":42}},"15":{"start":{"line":70,"column":2},"end":{"line":73,"column":4}},"16":{"start":{"line":78,"column":2},"end":{"line":78,"column":36}},"17":{"start":{"line":79,"column":2},"end":{"line":82,"column":4}}},"fnMap":{"0":{"name":"(anonymous_0)","decl":{"start":{"line":3,"column":1},"end":{"line":3,"column":2}},"loc":{"start":{"line":3,"column":20},"end":{"line":83,"column":1}},"line":3}},"branchMap":{"0":{"loc":{"start":{"line":83,"column":3},"end":{"line":83,"column":66}},"type":"cond-expr","locations":[{"start":{"line":83,"column":37},"end":{"line":83,"column":55}},{"start":{"line":83,"column":59},"end":{"line":83,"column":66}}],"line":83}},"s":{"0":1,"1":1,"2":1,"3":1,"4":1,"5":1,"6":1,"7":1,"8":1,"9":1,"10":1,"11":1,"12":1,"13":1,"14":1,"15":1,"16":1,"17":1},"f":{"0":1},"b":{"0":[0,1]},"_coverageSchema":"1a1c01bbd47fc00a2c39e90264f33305004495a9","hash":"0c8df2dd83ced3cbe5b2712cd799ac26f1bdba3d"}
,"/Users/bendikchristensen/Library_Heist/public/scripts/terminal.js": {"path":"/Users/bendikchristensen/Library_Heist/public/scripts/terminal.js","statementMap":{"0":{"start":{"line":7,"column":8},"end":{"line":7,"column":30}},"1":{"start":{"line":8,"column":8},"end":{"line":8,"column":78}},"2":{"start":{"line":16,"column":8},"end":{"line":16,"column":33}},"3":{"start":{"line":16,"column":26},"end":{"line":16,"column":33}},"4":{"start":{"line":17,"column":25},"end":{"line":17,"column":53}},"5":{"start":{"line":18,"column":8},"end":{"line":18,"column":45}},"6":{"start":{"line":19,"column":20},"end":{"line":19,"column":48}},"7":{"start":{"line":20,"column":8},"end":{"line":20,"column":45}},"8":{"start":{"line":21,"column":8},"end":{"line":21,"column":45}},"9":{"start":{"line":22,"column":8},"end":{"line":22,"column":88}},"10":{"start":{"line":23,"column":8},"end":{"line":23,"column":84}},"11":{"start":{"line":31,"column":8},"end":{"line":31,"column":33}},"12":{"start":{"line":35,"column":8},"end":{"line":35,"column":29}},"13":{"start":{"line":39,"column":8},"end":{"line":39,"column":38}},"14":{"start":{"line":43,"column":8},"end":{"line":43,"column":39}},"15":{"start":{"line":47,"column":8},"end":{"line":47,"column":24}},"16":{"start":{"line":51,"column":8},"end":{"line":51,"column":39}}},"fnMap":{"0":{"name":"(anonymous_0)","decl":{"start":{"line":6,"column":4},"end":{"line":6,"column":5}},"loc":{"start":{"line":6,"column":18},"end":{"line":9,"column":5}},"line":6},"1":{"name":"(anonymous_1)","decl":{"start":{"line":15,"column":4},"end":{"line":15,"column":5}},"loc":{"start":{"line":15,"column":23},"end":{"line":24,"column":5}},"line":15},"2":{"name":"(anonymous_2)","decl":{"start":{"line":30,"column":4},"end":{"line":30,"column":5}},"loc":{"start":{"line":30,"column":26},"end":{"line":32,"column":5}},"line":30},"3":{"name":"(anonymous_3)","decl":{"start":{"line":34,"column":4},"end":{"line":34,"column":5}},"loc":{"start":{"line":34,"column":17},"end":{"line":36,"column":5}},"line":34},"4":{"name":"(anonymous_4)","decl":{"start":{"line":38,"column":4},"end":{"line":38,"column":5}},"loc":{"start":{"line":38,"column":27},"end":{"line":40,"column":5}},"line":38},"5":{"name":"(anonymous_5)","decl":{"start":{"line":42,"column":4},"end":{"line":42,"column":5}},"loc":{"start":{"line":42,"column":32},"end":{"line":44,"column":5}},"line":42},"6":{"name":"(anonymous_6)","decl":{"start":{"line":46,"column":4},"end":{"line":46,"column":5}},"loc":{"start":{"line":46,"column":21},"end":{"line":48,"column":5}},"line":46},"7":{"name":"(anonymous_7)","decl":{"start":{"line":50,"column":4},"end":{"line":50,"column":5}},"loc":{"start":{"line":50,"column":32},"end":{"line":52,"column":5}},"line":50}},"branchMap":{"0":{"loc":{"start":{"line":16,"column":8},"end":{"line":16,"column":33}},"type":"if","locations":[{"start":{"line":16,"column":8},"end":{"line":16,"column":33}},{"start":{},"end":{}}],"line":16}},"s":{"0":25,"1":25,"2":4,"3":1,"4":3,"5":3,"6":3,"7":3,"8":3,"9":3,"10":3,"11":5,"12":2,"13":10,"14":8,"15":8,"16":1},"f":{"0":25,"1":4,"2":5,"3":2,"4":10,"5":8,"6":8,"7":1},"b":{"0":[1,3]},"_coverageSchema":"1a1c01bbd47fc00a2c39e90264f33305004495a9","hash":"10245d579ca4c14adb6d38a56ad719629d046e1a"}
}
