{"C:\\Users\\maxde\\OneDrive\\Bureaublad\\projects\\Library_Heist\\public\\scripts\\gamestate.js": {"path":"C:\\Users\\maxde\\OneDrive\\Bureaublad\\projects\\Library_Heist\\public\\scripts\\gamestate.js","statementMap":{"0":{"start":{"line":3,"column":8},"end":{"line":3,"column":32}},"1":{"start":{"line":4,"column":8},"end":{"line":4,"column":29}},"2":{"start":{"line":5,"column":22},"end":{"line":5,"column":85}},"3":{"start":{"line":6,"column":8},"end":{"line":6,"column":143}},"4":{"start":{"line":6,"column":130},"end":{"line":6,"column":143}},"5":{"start":{"line":7,"column":8},"end":{"line":7,"column":23}},"6":{"start":{"line":8,"column":8},"end":{"line":8,"column":24}},"7":{"start":{"line":9,"column":8},"end":{"line":9,"column":23}},"8":{"start":{"line":10,"column":8},"end":{"line":10,"column":70}},"9":{"start":{"line":11,"column":8},"end":{"line":11,"column":36}},"10":{"start":{"line":12,"column":8},"end":{"line":12,"column":22}},"11":{"start":{"line":13,"column":8},"end":{"line":13,"column":70}},"12":{"start":{"line":14,"column":8},"end":{"line":16,"column":9}},"13":{"start":{"line":14,"column":20},"end":{"line":14,"column":21}},"14":{"start":{"line":15,"column":12},"end":{"line":15,"column":72}},"15":{"start":{"line":17,"column":8},"end":{"line":17,"column":27}},"16":{"start":{"line":22,"column":24},"end":{"line":22,"column":62}},"17":{"start":{"line":23,"column":8},"end":{"line":29,"column":9}},"18":{"start":{"line":24,"column":25},"end":{"line":24,"column":66}},"19":{"start":{"line":25,"column":12},"end":{"line":25,"column":38}},"20":{"start":{"line":27,"column":25},"end":{"line":27,"column":76}},"21":{"start":{"line":28,"column":12},"end":{"line":28,"column":38}},"22":{"start":{"line":34,"column":21},"end":{"line":34,"column":23}},"23":{"start":{"line":35,"column":8},"end":{"line":44,"column":9}},"24":{"start":{"line":36,"column":12},"end":{"line":38,"column":13}},"25":{"start":{"line":36,"column":24},"end":{"line":36,"column":25}},"26":{"start":{"line":37,"column":16},"end":{"line":37,"column":114}},"27":{"start":{"line":40,"column":12},"end":{"line":43,"column":13}},"28":{"start":{"line":40,"column":24},"end":{"line":40,"column":25}},"29":{"start":{"line":41,"column":16},"end":{"line":41,"column":38}},"30":{"start":{"line":42,"column":16},"end":{"line":42,"column":116}},"31":{"start":{"line":45,"column":8},"end":{"line":45,"column":22}},"32":{"start":{"line":49,"column":8},"end":{"line":49,"column":23}},"33":{"start":{"line":53,"column":8},"end":{"line":53,"column":26}},"34":{"start":{"line":57,"column":8},"end":{"line":59,"column":21}},"35":{"start":{"line":58,"column":12},"end":{"line":58,"column":51}},"36":{"start":{"line":63,"column":8},"end":{"line":65,"column":21}},"37":{"start":{"line":64,"column":12},"end":{"line":64,"column":54}},"38":{"start":{"line":69,"column":8},"end":{"line":71,"column":21}},"39":{"start":{"line":70,"column":12},"end":{"line":70,"column":54}},"40":{"start":{"line":75,"column":8},"end":{"line":77,"column":21}},"41":{"start":{"line":76,"column":12},"end":{"line":76,"column":53}},"42":{"start":{"line":81,"column":8},"end":{"line":83,"column":21}},"43":{"start":{"line":82,"column":12},"end":{"line":82,"column":52}},"44":{"start":{"line":87,"column":8},"end":{"line":89,"column":21}},"45":{"start":{"line":88,"column":12},"end":{"line":88,"column":54}},"46":{"start":{"line":93,"column":8},"end":{"line":95,"column":21}},"47":{"start":{"line":94,"column":12},"end":{"line":94,"column":53}},"48":{"start":{"line":98,"column":20},"end":{"line":100,"column":16}},"49":{"start":{"line":99,"column":8},"end":{"line":99,"column":26}},"50":{"start":{"line":103,"column":8},"end":{"line":103,"column":72}},"51":{"start":{"line":107,"column":8},"end":{"line":111,"column":9}},"52":{"start":{"line":108,"column":12},"end":{"line":108,"column":32}},"53":{"start":{"line":110,"column":12},"end":{"line":110,"column":31}},"54":{"start":{"line":115,"column":23},"end":{"line":115,"column":56}},"55":{"start":{"line":116,"column":26},"end":{"line":116,"column":62}},"56":{"start":{"line":117,"column":8},"end":{"line":117,"column":50}},"57":{"start":{"line":118,"column":8},"end":{"line":118,"column":59}},"58":{"start":{"line":122,"column":24},"end":{"line":161,"column":9}},"59":{"start":{"line":123,"column":12},"end":{"line":123,"column":36}},"60":{"start":{"line":123,"column":29},"end":{"line":123,"column":36}},"61":{"start":{"line":124,"column":22},"end":{"line":124,"column":27}},"62":{"start":{"line":125,"column":12},"end":{"line":160,"column":13}},"63":{"start":{"line":126,"column":26},"end":{"line":126,"column":28}},"64":{"start":{"line":127,"column":16},"end":{"line":129,"column":17}},"65":{"start":{"line":127,"column":28},"end":{"line":127,"column":29}},"66":{"start":{"line":128,"column":20},"end":{"line":128,"column":40}},"67":{"start":{"line":130,"column":16},"end":{"line":130,"column":45}},"68":{"start":{"line":131,"column":16},"end":{"line":145,"column":17}},"69":{"start":{"line":132,"column":20},"end":{"line":136,"column":21}},"70":{"start":{"line":133,"column":24},"end":{"line":133,"column":54}},"71":{"start":{"line":135,"column":24},"end":{"line":135,"column":119}},"72":{"start":{"line":137,"column":23},"end":{"line":145,"column":17}},"73":{"start":{"line":138,"column":20},"end":{"line":142,"column":21}},"74":{"start":{"line":139,"column":24},"end":{"line":139,"column":55}},"75":{"start":{"line":141,"column":24},"end":{"line":141,"column":119}},"76":{"start":{"line":144,"column":20},"end":{"line":144,"column":57}},"77":{"start":{"line":146,"column":16},"end":{"line":148,"column":17}},"78":{"start":{"line":147,"column":20},"end":{"line":147,"column":36}},"79":{"start":{"line":149,"column":16},"end":{"line":149,"column":53}},"80":{"start":{"line":150,"column":19},"end":{"line":160,"column":13}},"81":{"start":{"line":151,"column":16},"end":{"line":154,"column":17}},"82":{"start":{"line":152,"column":20},"end":{"line":152,"column":36}},"83":{"start":{"line":153,"column":20},"end":{"line":153,"column":58}},"84":{"start":{"line":156,"column":16},"end":{"line":159,"column":17}},"85":{"start":{"line":157,"column":20},"end":{"line":157,"column":48}},"86":{"start":{"line":158,"column":20},"end":{"line":158,"column":58}},"87":{"start":{"line":162,"column":29},"end":{"line":162,"column":47}},"88":{"start":{"line":163,"column":8},"end":{"line":165,"column":11}},"89":{"start":{"line":164,"column":12},"end":{"line":164,"column":28}},"90":{"start":{"line":171,"column":26},"end":{"line":171,"column":57}},"91":{"start":{"line":172,"column":8},"end":{"line":176,"column":9}},"92":{"start":{"line":173,"column":12},"end":{"line":173,"column":66}},"93":{"start":{"line":175,"column":12},"end":{"line":175,"column":84}},"94":{"start":{"line":180,"column":25},"end":{"line":186,"column":5}},"95":{"start":{"line":181,"column":8},"end":{"line":185,"column":9}},"96":{"start":{"line":182,"column":12},"end":{"line":182,"column":32}},"97":{"start":{"line":184,"column":12},"end":{"line":184,"column":31}},"98":{"start":{"line":189,"column":22},"end":{"line":195,"column":5}},"99":{"start":{"line":190,"column":8},"end":{"line":194,"column":9}},"100":{"start":{"line":191,"column":12},"end":{"line":191,"column":35}},"101":{"start":{"line":193,"column":12},"end":{"line":193,"column":36}},"102":{"start":{"line":199,"column":16},"end":{"line":207,"column":5}},"103":{"start":{"line":200,"column":8},"end":{"line":206,"column":9}},"104":{"start":{"line":201,"column":12},"end":{"line":201,"column":98}},"105":{"start":{"line":203,"column":12},"end":{"line":205,"column":13}},"106":{"start":{"line":204,"column":12},"end":{"line":204,"column":28}},"107":{"start":{"line":211,"column":8},"end":{"line":217,"column":9}},"108":{"start":{"line":212,"column":12},"end":{"line":212,"column":91}},"109":{"start":{"line":214,"column":12},"end":{"line":216,"column":13}},"110":{"start":{"line":215,"column":16},"end":{"line":215,"column":33}},"111":{"start":{"line":222,"column":8},"end":{"line":236,"column":9}},"112":{"start":{"line":223,"column":12},"end":{"line":223,"column":83}},"113":{"start":{"line":225,"column":12},"end":{"line":225,"column":40}},"114":{"start":{"line":226,"column":12},"end":{"line":226,"column":37}},"115":{"start":{"line":227,"column":12},"end":{"line":227,"column":48}},"116":{"start":{"line":228,"column":12},"end":{"line":228,"column":44}},"117":{"start":{"line":229,"column":12},"end":{"line":229,"column":64}},"118":{"start":{"line":232,"column":26},"end":{"line":232,"column":48}},"119":{"start":{"line":233,"column":12},"end":{"line":233,"column":37}},"120":{"start":{"line":234,"column":12},"end":{"line":234,"column":32}},"121":{"start":{"line":235,"column":12},"end":{"line":235,"column":54}},"122":{"start":{"line":241,"column":8},"end":{"line":241,"column":32}},"123":{"start":{"line":241,"column":25},"end":{"line":241,"column":32}},"124":{"start":{"line":242,"column":8},"end":{"line":254,"column":9}},"125":{"start":{"line":243,"column":12},"end":{"line":243,"column":84}},"126":{"start":{"line":245,"column":12},"end":{"line":245,"column":41}},"127":{"start":{"line":246,"column":12},"end":{"line":246,"column":34}},"128":{"start":{"line":249,"column":27},"end":{"line":249,"column":50}},"129":{"start":{"line":250,"column":12},"end":{"line":250,"column":39}},"130":{"start":{"line":251,"column":12},"end":{"line":251,"column":55}},"131":{"start":{"line":253,"column":12},"end":{"line":253,"column":30}},"132":{"start":{"line":258,"column":8},"end":{"line":258,"column":24}},"133":{"start":{"line":264,"column":8},"end":{"line":300,"column":9}},"134":{"start":{"line":265,"column":12},"end":{"line":265,"column":93}},"135":{"start":{"line":266,"column":15},"end":{"line":300,"column":9}},"136":{"start":{"line":267,"column":12},"end":{"line":267,"column":76}},"137":{"start":{"line":269,"column":27},"end":{"line":269,"column":44}},"138":{"start":{"line":270,"column":12},"end":{"line":270,"column":105}},"139":{"start":{"line":271,"column":12},"end":{"line":271,"column":35}},"140":{"start":{"line":273,"column":27},"end":{"line":273,"column":55}},"141":{"start":{"line":274,"column":31},"end":{"line":274,"column":80}},"142":{"start":{"line":275,"column":33},"end":{"line":275,"column":79}},"143":{"start":{"line":276,"column":12},"end":{"line":288,"column":13}},"144":{"start":{"line":277,"column":16},"end":{"line":277,"column":65}},"145":{"start":{"line":278,"column":16},"end":{"line":278,"column":38}},"146":{"start":{"line":280,"column":26},"end":{"line":280,"column":48}},"147":{"start":{"line":281,"column":16},"end":{"line":281,"column":29}},"148":{"start":{"line":282,"column":16},"end":{"line":282,"column":36}},"149":{"start":{"line":283,"column":16},"end":{"line":283,"column":54}},"150":{"start":{"line":284,"column":19},"end":{"line":288,"column":13}},"151":{"start":{"line":285,"column":16},"end":{"line":285,"column":146}},"152":{"start":{"line":287,"column":16},"end":{"line":287,"column":147}},"153":{"start":{"line":289,"column":12},"end":{"line":289,"column":24}},"154":{"start":{"line":290,"column":12},"end":{"line":298,"column":13}},"155":{"start":{"line":291,"column":16},"end":{"line":291,"column":70}},"156":{"start":{"line":292,"column":16},"end":{"line":292,"column":36}},"157":{"start":{"line":293,"column":27},"end":{"line":293,"column":49}},"158":{"start":{"line":294,"column":16},"end":{"line":294,"column":30}},"159":{"start":{"line":295,"column":16},"end":{"line":295,"column":41}},"160":{"start":{"line":296,"column":16},"end":{"line":296,"column":51}},"161":{"start":{"line":297,"column":16},"end":{"line":297,"column":55}},"162":{"start":{"line":299,"column":12},"end":{"line":299,"column":47}},"163":{"start":{"line":305,"column":8},"end":{"line":305,"column":77}},"164":{"start":{"line":305,"column":34},"end":{"line":305,"column":77}},"165":{"start":{"line":306,"column":8},"end":{"line":306,"column":75}},"166":{"start":{"line":306,"column":33},"end":{"line":306,"column":75}},"167":{"start":{"line":307,"column":27},"end":{"line":307,"column":28}},"168":{"start":{"line":308,"column":8},"end":{"line":323,"column":9}},"169":{"start":{"line":308,"column":20},"end":{"line":308,"column":21}},"170":{"start":{"line":309,"column":24},"end":{"line":309,"column":36}},"171":{"start":{"line":310,"column":12},"end":{"line":322,"column":13}},"172":{"start":{"line":311,"column":16},"end":{"line":311,"column":31}},"173":{"start":{"line":312,"column":16},"end":{"line":320,"column":17}},"174":{"start":{"line":313,"column":32},"end":{"line":313,"column":58}},"175":{"start":{"line":313,"column":59},"end":{"line":313,"column":65}},"176":{"start":{"line":314,"column":35},"end":{"line":314,"column":61}},"177":{"start":{"line":314,"column":62},"end":{"line":314,"column":68}},"178":{"start":{"line":315,"column":35},"end":{"line":315,"column":60}},"179":{"start":{"line":315,"column":62},"end":{"line":315,"column":68}},"180":{"start":{"line":316,"column":34},"end":{"line":316,"column":60}},"181":{"start":{"line":316,"column":61},"end":{"line":316,"column":67}},"182":{"start":{"line":317,"column":33},"end":{"line":317,"column":59}},"183":{"start":{"line":317,"column":60},"end":{"line":317,"column":66}},"184":{"start":{"line":318,"column":35},"end":{"line":318,"column":61}},"185":{"start":{"line":318,"column":62},"end":{"line":318,"column":68}},"186":{"start":{"line":319,"column":34},"end":{"line":319,"column":60}},"187":{"start":{"line":319,"column":61},"end":{"line":319,"column":67}},"188":{"start":{"line":321,"column":16},"end":{"line":321,"column":40}},"189":{"start":{"line":324,"column":8},"end":{"line":324,"column":28}},"190":{"start":{"line":329,"column":8},"end":{"line":329,"column":77}},"191":{"start":{"line":329,"column":34},"end":{"line":329,"column":77}},"192":{"start":{"line":330,"column":29},"end":{"line":330,"column":30}},"193":{"start":{"line":331,"column":8},"end":{"line":380,"column":9}},"194":{"start":{"line":332,"column":12},"end":{"line":332,"column":43}},"195":{"start":{"line":332,"column":34},"end":{"line":332,"column":43}},"196":{"start":{"line":333,"column":28},"end":{"line":333,"column":33}},"197":{"start":{"line":334,"column":12},"end":{"line":378,"column":13}},"198":{"start":{"line":336,"column":20},"end":{"line":339,"column":21}},"199":{"start":{"line":337,"column":24},"end":{"line":337,"column":36}},"200":{"start":{"line":338,"column":24},"end":{"line":338,"column":41}},"201":{"start":{"line":340,"column":20},"end":{"line":340,"column":26}},"202":{"start":{"line":342,"column":20},"end":{"line":345,"column":21}},"203":{"start":{"line":343,"column":24},"end":{"line":343,"column":36}},"204":{"start":{"line":344,"column":24},"end":{"line":344,"column":41}},"205":{"start":{"line":347,"column":20},"end":{"line":347,"column":26}},"206":{"start":{"line":349,"column":20},"end":{"line":352,"column":21}},"207":{"start":{"line":350,"column":24},"end":{"line":350,"column":36}},"208":{"start":{"line":351,"column":24},"end":{"line":351,"column":41}},"209":{"start":{"line":353,"column":20},"end":{"line":353,"column":26}},"210":{"start":{"line":355,"column":20},"end":{"line":358,"column":21}},"211":{"start":{"line":356,"column":24},"end":{"line":356,"column":36}},"212":{"start":{"line":357,"column":24},"end":{"line":357,"column":41}},"213":{"start":{"line":359,"column":20},"end":{"line":359,"column":26}},"214":{"start":{"line":361,"column":20},"end":{"line":364,"column":21}},"215":{"start":{"line":362,"column":24},"end":{"line":362,"column":36}},"216":{"start":{"line":363,"column":24},"end":{"line":363,"column":41}},"217":{"start":{"line":365,"column":20},"end":{"line":365,"column":26}},"218":{"start":{"line":367,"column":20},"end":{"line":370,"column":21}},"219":{"start":{"line":368,"column":24},"end":{"line":368,"column":36}},"220":{"start":{"line":369,"column":24},"end":{"line":369,"column":41}},"221":{"start":{"line":371,"column":20},"end":{"line":371,"column":26}},"222":{"start":{"line":373,"column":20},"end":{"line":376,"column":21}},"223":{"start":{"line":374,"column":24},"end":{"line":374,"column":36}},"224":{"start":{"line":375,"column":24},"end":{"line":375,"column":41}},"225":{"start":{"line":377,"column":20},"end":{"line":377,"column":26}},"226":{"start":{"line":379,"column":12},"end":{"line":379,"column":43}},"227":{"start":{"line":379,"column":26},"end":{"line":379,"column":43}},"228":{"start":{"line":381,"column":8},"end":{"line":381,"column":30}},"229":{"start":{"line":387,"column":22},"end":{"line":387,"column":43}},"230":{"start":{"line":388,"column":8},"end":{"line":399,"column":9}},"231":{"start":{"line":388,"column":20},"end":{"line":388,"column":21}},"232":{"start":{"line":389,"column":12},"end":{"line":398,"column":13}},"233":{"start":{"line":390,"column":28},"end":{"line":390,"column":41}},"234":{"start":{"line":390,"column":42},"end":{"line":390,"column":48}},"235":{"start":{"line":391,"column":31},"end":{"line":391,"column":44}},"236":{"start":{"line":391,"column":45},"end":{"line":391,"column":51}},"237":{"start":{"line":392,"column":31},"end":{"line":392,"column":44}},"238":{"start":{"line":392,"column":45},"end":{"line":392,"column":51}},"239":{"start":{"line":393,"column":30},"end":{"line":393,"column":43}},"240":{"start":{"line":393,"column":44},"end":{"line":393,"column":50}},"241":{"start":{"line":394,"column":29},"end":{"line":394,"column":42}},"242":{"start":{"line":394,"column":43},"end":{"line":394,"column":49}},"243":{"start":{"line":395,"column":31},"end":{"line":395,"column":44}},"244":{"start":{"line":395,"column":45},"end":{"line":395,"column":51}},"245":{"start":{"line":396,"column":30},"end":{"line":396,"column":43}},"246":{"start":{"line":396,"column":44},"end":{"line":396,"column":50}},"247":{"start":{"line":397,"column":25},"end":{"line":397,"column":31}},"248":{"start":{"line":400,"column":8},"end":{"line":400,"column":23}},"249":{"start":{"line":404,"column":16},"end":{"line":428,"column":5}},"250":{"start":{"line":405,"column":8},"end":{"line":405,"column":32}},"251":{"start":{"line":405,"column":25},"end":{"line":405,"column":32}},"252":{"start":{"line":406,"column":8},"end":{"line":427,"column":9}},"253":{"start":{"line":407,"column":12},"end":{"line":407,"column":71}},"254":{"start":{"line":409,"column":12},"end":{"line":409,"column":45}},"255":{"start":{"line":410,"column":12},"end":{"line":426,"column":13}},"256":{"start":{"line":412,"column":16},"end":{"line":415,"column":17}},"257":{"start":{"line":413,"column":20},"end":{"line":413,"column":37}},"258":{"start":{"line":414,"column":20},"end":{"line":414,"column":111}},"259":{"start":{"line":416,"column":16},"end":{"line":416,"column":43}},"260":{"start":{"line":417,"column":16},"end":{"line":417,"column":47}},"261":{"start":{"line":418,"column":16},"end":{"line":423,"column":17}},"262":{"start":{"line":419,"column":20},"end":{"line":419,"column":123}},"263":{"start":{"line":420,"column":20},"end":{"line":420,"column":47}},"264":{"start":{"line":422,"column":20},"end":{"line":422,"column":48}},"265":{"start":{"line":425,"column":16},"end":{"line":425,"column":72}},"266":{"start":{"line":432,"column":8},"end":{"line":432,"column":32}},"267":{"start":{"line":432,"column":25},"end":{"line":432,"column":32}},"268":{"start":{"line":433,"column":8},"end":{"line":456,"column":9}},"269":{"start":{"line":434,"column":12},"end":{"line":434,"column":96}},"270":{"start":{"line":435,"column":15},"end":{"line":456,"column":9}},"271":{"start":{"line":436,"column":12},"end":{"line":436,"column":72}},"272":{"start":{"line":438,"column":12},"end":{"line":438,"column":45}},"273":{"start":{"line":439,"column":12},"end":{"line":455,"column":13}},"274":{"start":{"line":441,"column":16},"end":{"line":444,"column":17}},"275":{"start":{"line":442,"column":20},"end":{"line":442,"column":38}},"276":{"start":{"line":443,"column":20},"end":{"line":443,"column":112}},"277":{"start":{"line":445,"column":16},"end":{"line":445,"column":44}},"278":{"start":{"line":446,"column":16},"end":{"line":451,"column":17}},"279":{"start":{"line":447,"column":20},"end":{"line":447,"column":124}},"280":{"start":{"line":448,"column":20},"end":{"line":448,"column":48}},"281":{"start":{"line":450,"column":20},"end":{"line":450,"column":49}},"282":{"start":{"line":452,"column":16},"end":{"line":452,"column":48}},"283":{"start":{"line":454,"column":16},"end":{"line":454,"column":72}},"284":{"start":{"line":461,"column":8},"end":{"line":461,"column":32}},"285":{"start":{"line":461,"column":25},"end":{"line":461,"column":32}},"286":{"start":{"line":462,"column":18},"end":{"line":462,"column":20}},"287":{"start":{"line":463,"column":8},"end":{"line":465,"column":9}},"288":{"start":{"line":463,"column":20},"end":{"line":463,"column":21}},"289":{"start":{"line":464,"column":12},"end":{"line":464,"column":32}},"290":{"start":{"line":466,"column":8},"end":{"line":466,"column":43}}},"fnMap":{"0":{"name":"(anonymous_0)","decl":{"start":{"line":2,"column":4},"end":{"line":2,"column":5}},"loc":{"start":{"line":2,"column":34},"end":{"line":18,"column":5}},"line":2},"1":{"name":"(anonymous_1)","decl":{"start":{"line":21,"column":4},"end":{"line":21,"column":5}},"loc":{"start":{"line":21,"column":28},"end":{"line":30,"column":5}},"line":21},"2":{"name":"(anonymous_2)","decl":{"start":{"line":33,"column":4},"end":{"line":33,"column":5}},"loc":{"start":{"line":33,"column":26},"end":{"line":46,"column":5}},"line":33},"3":{"name":"(anonymous_3)","decl":{"start":{"line":48,"column":4},"end":{"line":48,"column":5}},"loc":{"start":{"line":48,"column":15},"end":{"line":50,"column":5}},"line":48},"4":{"name":"(anonymous_4)","decl":{"start":{"line":52,"column":4},"end":{"line":52,"column":5}},"loc":{"start":{"line":52,"column":15},"end":{"line":54,"column":5}},"line":52},"5":{"name":"(anonymous_5)","decl":{"start":{"line":56,"column":4},"end":{"line":56,"column":5}},"loc":{"start":{"line":56,"column":15},"end":{"line":60,"column":5}},"line":56},"6":{"name":"(anonymous_6)","decl":{"start":{"line":57,"column":27},"end":{"line":57,"column":28}},"loc":{"start":{"line":57,"column":38},"end":{"line":59,"column":9}},"line":57},"7":{"name":"(anonymous_7)","decl":{"start":{"line":62,"column":4},"end":{"line":62,"column":5}},"loc":{"start":{"line":62,"column":18},"end":{"line":66,"column":5}},"line":62},"8":{"name":"(anonymous_8)","decl":{"start":{"line":63,"column":30},"end":{"line":63,"column":31}},"loc":{"start":{"line":63,"column":41},"end":{"line":65,"column":9}},"line":63},"9":{"name":"(anonymous_9)","decl":{"start":{"line":68,"column":4},"end":{"line":68,"column":5}},"loc":{"start":{"line":68,"column":18},"end":{"line":72,"column":5}},"line":68},"10":{"name":"(anonymous_10)","decl":{"start":{"line":69,"column":30},"end":{"line":69,"column":31}},"loc":{"start":{"line":69,"column":41},"end":{"line":71,"column":9}},"line":69},"11":{"name":"(anonymous_11)","decl":{"start":{"line":74,"column":4},"end":{"line":74,"column":5}},"loc":{"start":{"line":74,"column":17},"end":{"line":78,"column":5}},"line":74},"12":{"name":"(anonymous_12)","decl":{"start":{"line":75,"column":29},"end":{"line":75,"column":30}},"loc":{"start":{"line":75,"column":40},"end":{"line":77,"column":9}},"line":75},"13":{"name":"(anonymous_13)","decl":{"start":{"line":80,"column":4},"end":{"line":80,"column":5}},"loc":{"start":{"line":80,"column":16},"end":{"line":84,"column":5}},"line":80},"14":{"name":"(anonymous_14)","decl":{"start":{"line":81,"column":28},"end":{"line":81,"column":29}},"loc":{"start":{"line":81,"column":39},"end":{"line":83,"column":9}},"line":81},"15":{"name":"(anonymous_15)","decl":{"start":{"line":86,"column":4},"end":{"line":86,"column":5}},"loc":{"start":{"line":86,"column":18},"end":{"line":90,"column":5}},"line":86},"16":{"name":"(anonymous_16)","decl":{"start":{"line":87,"column":30},"end":{"line":87,"column":31}},"loc":{"start":{"line":87,"column":41},"end":{"line":89,"column":9}},"line":87},"17":{"name":"(anonymous_17)","decl":{"start":{"line":92,"column":4},"end":{"line":92,"column":5}},"loc":{"start":{"line":92,"column":17},"end":{"line":96,"column":5}},"line":92},"18":{"name":"(anonymous_18)","decl":{"start":{"line":93,"column":29},"end":{"line":93,"column":30}},"loc":{"start":{"line":93,"column":40},"end":{"line":95,"column":9}},"line":93},"19":{"name":"(anonymous_19)","decl":{"start":{"line":98,"column":20},"end":{"line":98,"column":21}},"loc":{"start":{"line":98,"column":32},"end":{"line":100,"column":5}},"line":98},"20":{"name":"(anonymous_20)","decl":{"start":{"line":102,"column":4},"end":{"line":102,"column":5}},"loc":{"start":{"line":102,"column":25},"end":{"line":104,"column":5}},"line":102},"21":{"name":"(anonymous_21)","decl":{"start":{"line":106,"column":4},"end":{"line":106,"column":5}},"loc":{"start":{"line":106,"column":25},"end":{"line":112,"column":5}},"line":106},"22":{"name":"(anonymous_22)","decl":{"start":{"line":114,"column":4},"end":{"line":114,"column":5}},"loc":{"start":{"line":114,"column":41},"end":{"line":119,"column":5}},"line":114},"23":{"name":"(anonymous_23)","decl":{"start":{"line":121,"column":4},"end":{"line":121,"column":5}},"loc":{"start":{"line":121,"column":20},"end":{"line":166,"column":5}},"line":121},"24":{"name":"(anonymous_24)","decl":{"start":{"line":122,"column":24},"end":{"line":122,"column":25}},"loc":{"start":{"line":122,"column":31},"end":{"line":161,"column":9}},"line":122},"25":{"name":"(anonymous_25)","decl":{"start":{"line":163,"column":45},"end":{"line":163,"column":46}},"loc":{"start":{"line":163,"column":57},"end":{"line":165,"column":9}},"line":163},"26":{"name":"(anonymous_26)","decl":{"start":{"line":170,"column":4},"end":{"line":170,"column":5}},"loc":{"start":{"line":170,"column":26},"end":{"line":177,"column":5}},"line":170},"27":{"name":"(anonymous_27)","decl":{"start":{"line":180,"column":25},"end":{"line":180,"column":26}},"loc":{"start":{"line":180,"column":36},"end":{"line":186,"column":5}},"line":180},"28":{"name":"(anonymous_28)","decl":{"start":{"line":189,"column":22},"end":{"line":189,"column":23}},"loc":{"start":{"line":189,"column":39},"end":{"line":195,"column":5}},"line":189},"29":{"name":"(anonymous_29)","decl":{"start":{"line":199,"column":16},"end":{"line":199,"column":17}},"loc":{"start":{"line":199,"column":27},"end":{"line":207,"column":5}},"line":199},"30":{"name":"(anonymous_30)","decl":{"start":{"line":210,"column":4},"end":{"line":210,"column":5}},"loc":{"start":{"line":210,"column":17},"end":{"line":218,"column":5}},"line":210},"31":{"name":"(anonymous_31)","decl":{"start":{"line":221,"column":4},"end":{"line":221,"column":5}},"loc":{"start":{"line":221,"column":18},"end":{"line":237,"column":5}},"line":221},"32":{"name":"(anonymous_32)","decl":{"start":{"line":240,"column":4},"end":{"line":240,"column":5}},"loc":{"start":{"line":240,"column":19},"end":{"line":255,"column":5}},"line":240},"33":{"name":"(anonymous_33)","decl":{"start":{"line":257,"column":4},"end":{"line":257,"column":5}},"loc":{"start":{"line":257,"column":17},"end":{"line":259,"column":5}},"line":257},"34":{"name":"(anonymous_34)","decl":{"start":{"line":263,"column":4},"end":{"line":263,"column":5}},"loc":{"start":{"line":263,"column":17},"end":{"line":301,"column":5}},"line":263},"35":{"name":"(anonymous_35)","decl":{"start":{"line":304,"column":4},"end":{"line":304,"column":5}},"loc":{"start":{"line":304,"column":48},"end":{"line":325,"column":5}},"line":304},"36":{"name":"(anonymous_36)","decl":{"start":{"line":328,"column":4},"end":{"line":328,"column":5}},"loc":{"start":{"line":328,"column":45},"end":{"line":382,"column":5}},"line":328},"37":{"name":"(anonymous_37)","decl":{"start":{"line":386,"column":4},"end":{"line":386,"column":5}},"loc":{"start":{"line":386,"column":27},"end":{"line":401,"column":5}},"line":386},"38":{"name":"(anonymous_38)","decl":{"start":{"line":404,"column":16},"end":{"line":404,"column":17}},"loc":{"start":{"line":404,"column":32},"end":{"line":428,"column":5}},"line":404},"39":{"name":"(anonymous_39)","decl":{"start":{"line":431,"column":4},"end":{"line":431,"column":5}},"loc":{"start":{"line":431,"column":22},"end":{"line":457,"column":5}},"line":431},"40":{"name":"(anonymous_40)","decl":{"start":{"line":460,"column":4},"end":{"line":460,"column":5}},"loc":{"start":{"line":460,"column":26},"end":{"line":467,"column":5}},"line":460}},"branchMap":{"0":{"loc":{"start":{"line":23,"column":8},"end":{"line":29,"column":9}},"type":"if","locations":[{"start":{"line":23,"column":8},"end":{"line":29,"column":9}},{"start":{"line":26,"column":15},"end":{"line":29,"column":9}}],"line":23},"1":{"loc":{"start":{"line":35,"column":8},"end":{"line":44,"column":9}},"type":"if","locations":[{"start":{"line":35,"column":8},"end":{"line":44,"column":9}},{"start":{"line":39,"column":15},"end":{"line":44,"column":9}}],"line":35},"2":{"loc":{"start":{"line":107,"column":8},"end":{"line":111,"column":9}},"type":"if","locations":[{"start":{"line":107,"column":8},"end":{"line":111,"column":9}},{"start":{"line":109,"column":15},"end":{"line":111,"column":9}}],"line":107},"3":{"loc":{"start":{"line":123,"column":12},"end":{"line":123,"column":36}},"type":"if","locations":[{"start":{"line":123,"column":12},"end":{"line":123,"column":36}},{"start":{},"end":{}}],"line":123},"4":{"loc":{"start":{"line":125,"column":12},"end":{"line":160,"column":13}},"type":"if","locations":[{"start":{"line":125,"column":12},"end":{"line":160,"column":13}},{"start":{"line":150,"column":19},"end":{"line":160,"column":13}}],"line":125},"5":{"loc":{"start":{"line":131,"column":16},"end":{"line":145,"column":17}},"type":"if","locations":[{"start":{"line":131,"column":16},"end":{"line":145,"column":17}},{"start":{"line":137,"column":23},"end":{"line":145,"column":17}}],"line":131},"6":{"loc":{"start":{"line":132,"column":20},"end":{"line":136,"column":21}},"type":"if","locations":[{"start":{"line":132,"column":20},"end":{"line":136,"column":21}},{"start":{"line":134,"column":27},"end":{"line":136,"column":21}}],"line":132},"7":{"loc":{"start":{"line":137,"column":23},"end":{"line":145,"column":17}},"type":"if","locations":[{"start":{"line":137,"column":23},"end":{"line":145,"column":17}},{"start":{"line":143,"column":23},"end":{"line":145,"column":17}}],"line":137},"8":{"loc":{"start":{"line":138,"column":20},"end":{"line":142,"column":21}},"type":"if","locations":[{"start":{"line":138,"column":20},"end":{"line":142,"column":21}},{"start":{"line":140,"column":27},"end":{"line":142,"column":21}}],"line":138},"9":{"loc":{"start":{"line":150,"column":19},"end":{"line":160,"column":13}},"type":"if","locations":[{"start":{"line":150,"column":19},"end":{"line":160,"column":13}},{"start":{"line":155,"column":19},"end":{"line":160,"column":13}}],"line":150},"10":{"loc":{"start":{"line":151,"column":16},"end":{"line":154,"column":17}},"type":"if","locations":[{"start":{"line":151,"column":16},"end":{"line":154,"column":17}},{"start":{},"end":{}}],"line":151},"11":{"loc":{"start":{"line":156,"column":16},"end":{"line":159,"column":17}},"type":"if","locations":[{"start":{"line":156,"column":16},"end":{"line":159,"column":17}},{"start":{},"end":{}}],"line":156},"12":{"loc":{"start":{"line":172,"column":8},"end":{"line":176,"column":9}},"type":"if","locations":[{"start":{"line":172,"column":8},"end":{"line":176,"column":9}},{"start":{"line":174,"column":15},"end":{"line":176,"column":9}}],"line":172},"13":{"loc":{"start":{"line":181,"column":8},"end":{"line":185,"column":9}},"type":"if","locations":[{"start":{"line":181,"column":8},"end":{"line":185,"column":9}},{"start":{"line":183,"column":15},"end":{"line":185,"column":9}}],"line":181},"14":{"loc":{"start":{"line":190,"column":8},"end":{"line":194,"column":9}},"type":"if","locations":[{"start":{"line":190,"column":8},"end":{"line":194,"column":9}},{"start":{"line":192,"column":15},"end":{"line":194,"column":9}}],"line":190},"15":{"loc":{"start":{"line":200,"column":8},"end":{"line":206,"column":9}},"type":"if","locations":[{"start":{"line":200,"column":8},"end":{"line":206,"column":9}},{"start":{"line":202,"column":15},"end":{"line":206,"column":9}}],"line":200},"16":{"loc":{"start":{"line":211,"column":8},"end":{"line":217,"column":9}},"type":"if","locations":[{"start":{"line":211,"column":8},"end":{"line":217,"column":9}},{"start":{"line":213,"column":15},"end":{"line":217,"column":9}}],"line":211},"17":{"loc":{"start":{"line":222,"column":8},"end":{"line":236,"column":9}},"type":"if","locations":[{"start":{"line":222,"column":8},"end":{"line":236,"column":9}},{"start":{"line":224,"column":15},"end":{"line":236,"column":9}}],"line":222},"18":{"loc":{"start":{"line":241,"column":8},"end":{"line":241,"column":32}},"type":"if","locations":[{"start":{"line":241,"column":8},"end":{"line":241,"column":32}},{"start":{},"end":{}}],"line":241},"19":{"loc":{"start":{"line":242,"column":8},"end":{"line":254,"column":9}},"type":"if","locations":[{"start":{"line":242,"column":8},"end":{"line":254,"column":9}},{"start":{"line":244,"column":15},"end":{"line":254,"column":9}}],"line":242},"20":{"loc":{"start":{"line":264,"column":8},"end":{"line":300,"column":9}},"type":"if","locations":[{"start":{"line":264,"column":8},"end":{"line":300,"column":9}},{"start":{"line":266,"column":15},"end":{"line":300,"column":9}}],"line":264},"21":{"loc":{"start":{"line":266,"column":15},"end":{"line":300,"column":9}},"type":"if","locations":[{"start":{"line":266,"column":15},"end":{"line":300,"column":9}},{"start":{"line":268,"column":15},"end":{"line":300,"column":9}}],"line":266},"22":{"loc":{"start":{"line":276,"column":12},"end":{"line":288,"column":13}},"type":"if","locations":[{"start":{"line":276,"column":12},"end":{"line":288,"column":13}},{"start":{"line":284,"column":19},"end":{"line":288,"column":13}}],"line":276},"23":{"loc":{"start":{"line":284,"column":19},"end":{"line":288,"column":13}},"type":"if","locations":[{"start":{"line":284,"column":19},"end":{"line":288,"column":13}},{"start":{"line":286,"column":19},"end":{"line":288,"column":13}}],"line":284},"24":{"loc":{"start":{"line":290,"column":12},"end":{"line":298,"column":13}},"type":"if","locations":[{"start":{"line":290,"column":12},"end":{"line":298,"column":13}},{"start":{},"end":{}}],"line":290},"25":{"loc":{"start":{"line":305,"column":8},"end":{"line":305,"column":77}},"type":"if","locations":[{"start":{"line":305,"column":8},"end":{"line":305,"column":77}},{"start":{},"end":{}}],"line":305},"26":{"loc":{"start":{"line":306,"column":8},"end":{"line":306,"column":75}},"type":"if","locations":[{"start":{"line":306,"column":8},"end":{"line":306,"column":75}},{"start":{},"end":{}}],"line":306},"27":{"loc":{"start":{"line":310,"column":12},"end":{"line":322,"column":13}},"type":"if","locations":[{"start":{"line":310,"column":12},"end":{"line":322,"column":13}},{"start":{},"end":{}}],"line":310},"28":{"loc":{"start":{"line":312,"column":16},"end":{"line":320,"column":17}},"type":"switch","locations":[{"start":{"line":313,"column":20},"end":{"line":313,"column":65}},{"start":{"line":314,"column":20},"end":{"line":314,"column":68}},{"start":{"line":315,"column":20},"end":{"line":315,"column":68}},{"start":{"line":316,"column":20},"end":{"line":316,"column":67}},{"start":{"line":317,"column":20},"end":{"line":317,"column":66}},{"start":{"line":318,"column":20},"end":{"line":318,"column":68}},{"start":{"line":319,"column":20},"end":{"line":319,"column":67}}],"line":312},"29":{"loc":{"start":{"line":329,"column":8},"end":{"line":329,"column":77}},"type":"if","locations":[{"start":{"line":329,"column":8},"end":{"line":329,"column":77}},{"start":{},"end":{}}],"line":329},"30":{"loc":{"start":{"line":332,"column":12},"end":{"line":332,"column":43}},"type":"if","locations":[{"start":{"line":332,"column":12},"end":{"line":332,"column":43}},{"start":{},"end":{}}],"line":332},"31":{"loc":{"start":{"line":334,"column":12},"end":{"line":378,"column":13}},"type":"switch","locations":[{"start":{"line":335,"column":16},"end":{"line":340,"column":26}},{"start":{"line":341,"column":16},"end":{"line":347,"column":26}},{"start":{"line":348,"column":16},"end":{"line":353,"column":26}},{"start":{"line":354,"column":16},"end":{"line":359,"column":26}},{"start":{"line":360,"column":16},"end":{"line":365,"column":26}},{"start":{"line":366,"column":16},"end":{"line":371,"column":26}},{"start":{"line":372,"column":16},"end":{"line":377,"column":26}}],"line":334},"32":{"loc":{"start":{"line":336,"column":20},"end":{"line":339,"column":21}},"type":"if","locations":[{"start":{"line":336,"column":20},"end":{"line":339,"column":21}},{"start":{},"end":{}}],"line":336},"33":{"loc":{"start":{"line":342,"column":20},"end":{"line":345,"column":21}},"type":"if","locations":[{"start":{"line":342,"column":20},"end":{"line":345,"column":21}},{"start":{},"end":{}}],"line":342},"34":{"loc":{"start":{"line":349,"column":20},"end":{"line":352,"column":21}},"type":"if","locations":[{"start":{"line":349,"column":20},"end":{"line":352,"column":21}},{"start":{},"end":{}}],"line":349},"35":{"loc":{"start":{"line":355,"column":20},"end":{"line":358,"column":21}},"type":"if","locations":[{"start":{"line":355,"column":20},"end":{"line":358,"column":21}},{"start":{},"end":{}}],"line":355},"36":{"loc":{"start":{"line":361,"column":20},"end":{"line":364,"column":21}},"type":"if","locations":[{"start":{"line":361,"column":20},"end":{"line":364,"column":21}},{"start":{},"end":{}}],"line":361},"37":{"loc":{"start":{"line":367,"column":20},"end":{"line":370,"column":21}},"type":"if","locations":[{"start":{"line":367,"column":20},"end":{"line":370,"column":21}},{"start":{},"end":{}}],"line":367},"38":{"loc":{"start":{"line":373,"column":20},"end":{"line":376,"column":21}},"type":"if","locations":[{"start":{"line":373,"column":20},"end":{"line":376,"column":21}},{"start":{},"end":{}}],"line":373},"39":{"loc":{"start":{"line":379,"column":12},"end":{"line":379,"column":43}},"type":"if","locations":[{"start":{"line":379,"column":12},"end":{"line":379,"column":43}},{"start":{},"end":{}}],"line":379},"40":{"loc":{"start":{"line":389,"column":12},"end":{"line":398,"column":13}},"type":"switch","locations":[{"start":{"line":390,"column":16},"end":{"line":390,"column":48}},{"start":{"line":391,"column":16},"end":{"line":391,"column":51}},{"start":{"line":392,"column":16},"end":{"line":392,"column":51}},{"start":{"line":393,"column":16},"end":{"line":393,"column":50}},{"start":{"line":394,"column":16},"end":{"line":394,"column":49}},{"start":{"line":395,"column":16},"end":{"line":395,"column":51}},{"start":{"line":396,"column":16},"end":{"line":396,"column":50}},{"start":{"line":397,"column":16},"end":{"line":397,"column":31}}],"line":389},"41":{"loc":{"start":{"line":405,"column":8},"end":{"line":405,"column":32}},"type":"if","locations":[{"start":{"line":405,"column":8},"end":{"line":405,"column":32}},{"start":{},"end":{}}],"line":405},"42":{"loc":{"start":{"line":406,"column":8},"end":{"line":427,"column":9}},"type":"if","locations":[{"start":{"line":406,"column":8},"end":{"line":427,"column":9}},{"start":{"line":408,"column":15},"end":{"line":427,"column":9}}],"line":406},"43":{"loc":{"start":{"line":410,"column":12},"end":{"line":426,"column":13}},"type":"if","locations":[{"start":{"line":410,"column":12},"end":{"line":426,"column":13}},{"start":{"line":424,"column":19},"end":{"line":426,"column":13}}],"line":410},"44":{"loc":{"start":{"line":410,"column":15},"end":{"line":411,"column":51}},"type":"binary-expr","locations":[{"start":{"line":410,"column":15},"end":{"line":410,"column":30}},{"start":{"line":410,"column":34},"end":{"line":410,"column":52}},{"start":{"line":410,"column":56},"end":{"line":410,"column":74}},{"start":{"line":410,"column":78},"end":{"line":410,"column":95}},{"start":{"line":410,"column":99},"end":{"line":410,"column":115}},{"start":{"line":411,"column":12},"end":{"line":411,"column":30}},{"start":{"line":411,"column":34},"end":{"line":411,"column":51}}],"line":410},"45":{"loc":{"start":{"line":412,"column":16},"end":{"line":415,"column":17}},"type":"if","locations":[{"start":{"line":412,"column":16},"end":{"line":415,"column":17}},{"start":{},"end":{}}],"line":412},"46":{"loc":{"start":{"line":418,"column":16},"end":{"line":423,"column":17}},"type":"if","locations":[{"start":{"line":418,"column":16},"end":{"line":423,"column":17}},{"start":{"line":421,"column":23},"end":{"line":423,"column":17}}],"line":418},"47":{"loc":{"start":{"line":432,"column":8},"end":{"line":432,"column":32}},"type":"if","locations":[{"start":{"line":432,"column":8},"end":{"line":432,"column":32}},{"start":{},"end":{}}],"line":432},"48":{"loc":{"start":{"line":433,"column":8},"end":{"line":456,"column":9}},"type":"if","locations":[{"start":{"line":433,"column":8},"end":{"line":456,"column":9}},{"start":{"line":435,"column":15},"end":{"line":456,"column":9}}],"line":433},"49":{"loc":{"start":{"line":435,"column":15},"end":{"line":456,"column":9}},"type":"if","locations":[{"start":{"line":435,"column":15},"end":{"line":456,"column":9}},{"start":{"line":437,"column":15},"end":{"line":456,"column":9}}],"line":435},"50":{"loc":{"start":{"line":439,"column":12},"end":{"line":455,"column":13}},"type":"if","locations":[{"start":{"line":439,"column":12},"end":{"line":455,"column":13}},{"start":{"line":453,"column":19},"end":{"line":455,"column":13}}],"line":439},"51":{"loc":{"start":{"line":439,"column":15},"end":{"line":440,"column":51}},"type":"binary-expr","locations":[{"start":{"line":439,"column":15},"end":{"line":439,"column":30}},{"start":{"line":439,"column":34},"end":{"line":439,"column":52}},{"start":{"line":439,"column":56},"end":{"line":439,"column":74}},{"start":{"line":439,"column":78},"end":{"line":439,"column":95}},{"start":{"line":439,"column":99},"end":{"line":439,"column":115}},{"start":{"line":440,"column":12},"end":{"line":440,"column":30}},{"start":{"line":440,"column":34},"end":{"line":440,"column":51}}],"line":439},"52":{"loc":{"start":{"line":441,"column":16},"end":{"line":444,"column":17}},"type":"if","locations":[{"start":{"line":441,"column":16},"end":{"line":444,"column":17}},{"start":{},"end":{}}],"line":441},"53":{"loc":{"start":{"line":446,"column":16},"end":{"line":451,"column":17}},"type":"if","locations":[{"start":{"line":446,"column":16},"end":{"line":451,"column":17}},{"start":{"line":449,"column":23},"end":{"line":451,"column":17}}],"line":446},"54":{"loc":{"start":{"line":461,"column":8},"end":{"line":461,"column":32}},"type":"if","locations":[{"start":{"line":461,"column":8},"end":{"line":461,"column":32}},{"start":{},"end":{}}],"line":461}},"s":{"0":18,"1":18,"2":18,"3":18,"4":108,"5":18,"6":18,"7":18,"8":18,"9":18,"10":18,"11":18,"12":18,"13":18,"14":126,"15":18,"16":0,"17":0,"18":0,"19":0,"20":0,"21":0,"22":2,"23":2,"24":0,"25":0,"26":0,"27":2,"28":2,"29":12,"30":12,"31":2,"32":0,"33":0,"34":0,"35":0,"36":0,"37":0,"38":0,"39":0,"40":0,"41":0,"42":0,"43":0,"44":0,"45":0,"46":0,"47":0,"48":18,"49":0,"50":0,"51":0,"52":0,"53":0,"54":0,"55":0,"56":0,"57":0,"58":0,"59":0,"60":0,"61":0,"62":0,"63":0,"64":0,"65":0,"66":0,"67":0,"68":0,"69":0,"70":0,"71":0,"72":0,"73":0,"74":0,"75":0,"76":0,"77":0,"78":0,"79":0,"80":0,"81":0,"82":0,"83":0,"84":0,"85":0,"86":0,"87":0,"88":0,"89":0,"90":0,"91":0,"92":0,"93":0,"94":18,"95":0,"96":0,"97":0,"98":18,"99":0,"100":0,"101":0,"102":18,"103":0,"104":0,"105":0,"106":0,"107":0,"108":0,"109":0,"110":0,"111":0,"112":0,"113":0,"114":0,"115":0,"116":0,"117":0,"118":0,"119":0,"120":0,"121":0,"122":0,"123":0,"124":0,"125":0,"126":0,"127":0,"128":0,"129":0,"130":0,"131":0,"132":0,"133":4,"134":1,"135":3,"136":1,"137":2,"138":2,"139":2,"140":2,"141":2,"142":2,"143":2,"144":0,"145":0,"146":0,"147":0,"148":0,"149":0,"150":2,"151":0,"152":2,"153":2,"154":2,"155":0,"156":0,"157":0,"158":0,"159":0,"160":0,"161":0,"162":2,"163":10,"164":1,"165":9,"166":1,"167":8,"168":8,"169":8,"170":48,"171":48,"172":11,"173":11,"174":5,"175":5,"176":1,"177":1,"178":1,"179":1,"180":1,"181":1,"182":1,"183":1,"184":1,"185":1,"186":1,"187":1,"188":11,"189":8,"190":7,"191":1,"192":6,"193":6,"194":36,"195":3,"196":33,"197":33,"198":7,"199":6,"200":6,"201":7,"202":8,"203":7,"204":7,"205":8,"206":8,"207":1,"208":1,"209":8,"210":4,"211":1,"212":1,"213":4,"214":3,"215":1,"216":1,"217":3,"218":2,"219":0,"220":0,"221":2,"222":1,"223":1,"224":1,"225":1,"226":33,"227":17,"228":6,"229":12,"230":12,"231":12,"232":57,"233":17,"234":17,"235":12,"236":12,"237":5,"238":5,"239":5,"240":5,"241":7,"242":7,"243":4,"244":4,"245":6,"246":6,"247":1,"248":12,"249":18,"250":0,"251":0,"252":0,"253":0,"254":0,"255":0,"256":0,"257":0,"258":0,"259":0,"260":0,"261":0,"262":0,"263":0,"264":0,"265":0,"266":0,"267":0,"268":0,"269":0,"270":0,"271":0,"272":0,"273":0,"274":0,"275":0,"276":0,"277":0,"278":0,"279":0,"280":0,"281":0,"282":0,"283":0,"284":0,"285":0,"286":0,"287":0,"288":0,"289":0,"290":0},"f":{"0":18,"1":0,"2":2,"3":0,"4":0,"5":0,"6":0,"7":0,"8":0,"9":0,"10":0,"11":0,"12":0,"13":0,"14":0,"15":0,"16":0,"17":0,"18":0,"19":0,"20":0,"21":0,"22":0,"23":0,"24":0,"25":0,"26":0,"27":0,"28":0,"29":0,"30":0,"31":0,"32":0,"33":0,"34":4,"35":10,"36":7,"37":12,"38":0,"39":0,"40":0},"b":{"0":[0,0],"1":[0,2],"2":[0,0],"3":[0,0],"4":[0,0],"5":[0,0],"6":[0,0],"7":[0,0],"8":[0,0],"9":[0,0],"10":[0,0],"11":[0,0],"12":[0,0],"13":[0,0],"14":[0,0],"15":[0,0],"16":[0,0],"17":[0,0],"18":[0,0],"19":[0,0],"20":[1,3],"21":[1,2],"22":[0,2],"23":[0,2],"24":[0,2],"25":[1,9],"26":[1,8],"27":[11,37],"28":[5,1,1,1,1,1,1],"29":[1,6],"30":[3,33],"31":[7,8,8,4,3,2,1],"32":[6,1],"33":[7,1],"34":[1,7],"35":[1,3],"36":[1,2],"37":[0,2],"38":[1,0],"39":[17,16],"40":[17,12,5,5,7,4,6,1],"41":[0,0],"42":[0,0],"43":[0,0],"44":[0,0,0,0,0,0,0],"45":[0,0],"46":[0,0],"47":[0,0],"48":[0,0],"49":[0,0],"50":[0,0],"51":[0,0,0,0,0,0,0],"52":[0,0],"53":[0,0],"54":[0,0]},"_coverageSchema":"1a1c01bbd47fc00a2c39e90264f33305004495a9","hash":"9d77cd31e68fda19e72942e4dfdf59ca366307a2"}
,"C:\\Users\\maxde\\OneDrive\\Bureaublad\\projects\\Library_Heist\\public\\scripts\\messages.js": {"path":"C:\\Users\\maxde\\OneDrive\\Bureaublad\\projects\\Library_Heist\\public\\scripts\\messages.js","statementMap":{"0":{"start":{"line":3,"column":0},"end":{"line":83,"column":68}},"1":{"start":{"line":7,"column":2},"end":{"line":7,"column":40}},"2":{"start":{"line":8,"column":2},"end":{"line":11,"column":4}},"3":{"start":{"line":16,"column":2},"end":{"line":19,"column":4}},"4":{"start":{"line":20,"column":2},"end":{"line":20,"column":66}},"5":{"start":{"line":25,"column":2},"end":{"line":25,"column":45}},"6":{"start":{"line":26,"column":2},"end":{"line":26,"column":54}},"7":{"start":{"line":31,"column":2},"end":{"line":31,"column":40}},"8":{"start":{"line":32,"column":2},"end":{"line":35,"column":4}},"9":{"start":{"line":41,"column":2},"end":{"line":44,"column":4}},"10":{"start":{"line":50,"column":2},"end":{"line":50,"column":37}},"11":{"start":{"line":51,"column":2},"end":{"line":54,"column":4}},"12":{"start":{"line":61,"column":2},"end":{"line":61,"column":42}},"13":{"start":{"line":62,"column":2},"end":{"line":65,"column":4}},"14":{"start":{"line":69,"column":2},"end":{"line":69,"column":42}},"15":{"start":{"line":70,"column":2},"end":{"line":73,"column":4}},"16":{"start":{"line":78,"column":2},"end":{"line":78,"column":36}},"17":{"start":{"line":79,"column":2},"end":{"line":82,"column":4}}},"fnMap":{"0":{"name":"(anonymous_0)","decl":{"start":{"line":3,"column":1},"end":{"line":3,"column":2}},"loc":{"start":{"line":3,"column":20},"end":{"line":83,"column":1}},"line":3}},"branchMap":{"0":{"loc":{"start":{"line":83,"column":3},"end":{"line":83,"column":66}},"type":"cond-expr","locations":[{"start":{"line":83,"column":37},"end":{"line":83,"column":55}},{"start":{"line":83,"column":59},"end":{"line":83,"column":66}}],"line":83}},"s":{"0":1,"1":1,"2":1,"3":1,"4":1,"5":1,"6":1,"7":1,"8":1,"9":1,"10":1,"11":1,"12":1,"13":1,"14":1,"15":1,"16":1,"17":1},"f":{"0":1},"b":{"0":[0,1]},"_coverageSchema":"1a1c01bbd47fc00a2c39e90264f33305004495a9","hash":"3a769e2c0ce76fe05e2a5338c93530b6d2fade3f"}
,"C:\\Users\\maxde\\OneDrive\\Bureaublad\\projects\\Library_Heist\\public\\scripts\\terminal.js": {"path":"C:\\Users\\maxde\\OneDrive\\Bureaublad\\projects\\Library_Heist\\public\\scripts\\terminal.js","statementMap":{"0":{"start":{"line":7,"column":8},"end":{"line":7,"column":30}},"1":{"start":{"line":8,"column":8},"end":{"line":8,"column":78}},"2":{"start":{"line":16,"column":8},"end":{"line":16,"column":33}},"3":{"start":{"line":16,"column":26},"end":{"line":16,"column":33}},"4":{"start":{"line":17,"column":25},"end":{"line":17,"column":53}},"5":{"start":{"line":18,"column":8},"end":{"line":18,"column":45}},"6":{"start":{"line":19,"column":20},"end":{"line":19,"column":48}},"7":{"start":{"line":20,"column":8},"end":{"line":20,"column":45}},"8":{"start":{"line":21,"column":8},"end":{"line":21,"column":45}},"9":{"start":{"line":22,"column":8},"end":{"line":22,"column":88}},"10":{"start":{"line":23,"column":8},"end":{"line":23,"column":84}},"11":{"start":{"line":31,"column":8},"end":{"line":31,"column":33}},"12":{"start":{"line":35,"column":8},"end":{"line":35,"column":29}},"13":{"start":{"line":39,"column":8},"end":{"line":39,"column":38}},"14":{"start":{"line":43,"column":8},"end":{"line":43,"column":39}},"15":{"start":{"line":47,"column":8},"end":{"line":47,"column":24}},"16":{"start":{"line":51,"column":8},"end":{"line":51,"column":39}}},"fnMap":{"0":{"name":"(anonymous_0)","decl":{"start":{"line":6,"column":4},"end":{"line":6,"column":5}},"loc":{"start":{"line":6,"column":18},"end":{"line":9,"column":5}},"line":6},"1":{"name":"(anonymous_1)","decl":{"start":{"line":15,"column":4},"end":{"line":15,"column":5}},"loc":{"start":{"line":15,"column":23},"end":{"line":24,"column":5}},"line":15},"2":{"name":"(anonymous_2)","decl":{"start":{"line":30,"column":4},"end":{"line":30,"column":5}},"loc":{"start":{"line":30,"column":26},"end":{"line":32,"column":5}},"line":30},"3":{"name":"(anonymous_3)","decl":{"start":{"line":34,"column":4},"end":{"line":34,"column":5}},"loc":{"start":{"line":34,"column":17},"end":{"line":36,"column":5}},"line":34},"4":{"name":"(anonymous_4)","decl":{"start":{"line":38,"column":4},"end":{"line":38,"column":5}},"loc":{"start":{"line":38,"column":27},"end":{"line":40,"column":5}},"line":38},"5":{"name":"(anonymous_5)","decl":{"start":{"line":42,"column":4},"end":{"line":42,"column":5}},"loc":{"start":{"line":42,"column":32},"end":{"line":44,"column":5}},"line":42},"6":{"name":"(anonymous_6)","decl":{"start":{"line":46,"column":4},"end":{"line":46,"column":5}},"loc":{"start":{"line":46,"column":21},"end":{"line":48,"column":5}},"line":46},"7":{"name":"(anonymous_7)","decl":{"start":{"line":50,"column":4},"end":{"line":50,"column":5}},"loc":{"start":{"line":50,"column":32},"end":{"line":52,"column":5}},"line":50}},"branchMap":{"0":{"loc":{"start":{"line":16,"column":8},"end":{"line":16,"column":33}},"type":"if","locations":[{"start":{"line":16,"column":8},"end":{"line":16,"column":33}},{"start":{},"end":{}}],"line":16}},"s":{"0":25,"1":25,"2":4,"3":1,"4":3,"5":3,"6":3,"7":3,"8":3,"9":3,"10":3,"11":5,"12":2,"13":10,"14":8,"15":8,"16":1},"f":{"0":25,"1":4,"2":5,"3":2,"4":10,"5":8,"6":8,"7":1},"b":{"0":[1,3]},"_coverageSchema":"1a1c01bbd47fc00a2c39e90264f33305004495a9","hash":"4de2fee8ee5d0620802f471ca2abeb105b69126e"}
}
