TN:
SF:public/scripts/gamestate.js
FN:2,(anonymous_0)
FN:21,(anonymous_1)
FN:33,(anonymous_2)
FN:47,(anonymous_3)
FN:51,(anonymous_4)
FN:55,(anonymous_5)
FN:56,(anonymous_6)
FN:61,(anonymous_7)
FN:62,(anonymous_8)
FN:67,(anonymous_9)
FN:68,(anonymous_10)
FN:73,(anonymous_11)
FN:74,(anonymous_12)
FN:79,(anonymous_13)
FN:80,(anonymous_14)
FN:85,(anonymous_15)
FN:86,(anonymous_16)
FN:91,(anonymous_17)
FN:92,(anonymous_18)
FN:97,(anonymous_19)
FN:101,(anonymous_20)
FN:105,(anonymous_21)
FN:113,(anonymous_22)
FN:120,(anonymous_23)
FN:121,(anonymous_24)
FN:162,(anonymous_25)
FN:169,(anonymous_26)
FN:179,(anonymous_27)
FN:188,(anonymous_28)
FN:198,(anonymous_29)
FN:209,(anonymous_30)
FN:220,(anonymous_31)
FN:239,(anonymous_32)
FN:256,(anonymous_33)
FN:262,(anonymous_34)
FN:304,(anonymous_35)
FN:329,(anonymous_36)
FN:387,(anonymous_37)
FN:405,(anonymous_38)
FN:432,(anonymous_39)
FN:461,(anonymous_40)
FNF:41
FNH:6
FNDA:18,(anonymous_0)
FNDA:0,(anonymous_1)
FNDA:2,(anonymous_2)
FNDA:0,(anonymous_3)
FNDA:0,(anonymous_4)
FNDA:0,(anonymous_5)
FNDA:0,(anonymous_6)
FNDA:0,(anonymous_7)
FNDA:0,(anonymous_8)
FNDA:0,(anonymous_9)
FNDA:0,(anonymous_10)
FNDA:0,(anonymous_11)
FNDA:0,(anonymous_12)
FNDA:0,(anonymous_13)
FNDA:0,(anonymous_14)
FNDA:0,(anonymous_15)
FNDA:0,(anonymous_16)
FNDA:0,(anonymous_17)
FNDA:0,(anonymous_18)
FNDA:0,(anonymous_19)
FNDA:0,(anonymous_20)
FNDA:0,(anonymous_21)
FNDA:0,(anonymous_22)
FNDA:0,(anonymous_23)
FNDA:0,(anonymous_24)
FNDA:0,(anonymous_25)
FNDA:0,(anonymous_26)
FNDA:0,(anonymous_27)
FNDA:0,(anonymous_28)
FNDA:0,(anonymous_29)
FNDA:0,(anonymous_30)
FNDA:0,(anonymous_31)
FNDA:0,(anonymous_32)
FNDA:0,(anonymous_33)
FNDA:4,(anonymous_34)
FNDA:10,(anonymous_35)
FNDA:7,(anonymous_36)
FNDA:20,(anonymous_37)
FNDA:0,(anonymous_38)
FNDA:0,(anonymous_39)
FNDA:0,(anonymous_40)
DA:3,18
DA:4,18
DA:5,18
DA:6,108
DA:7,18
DA:8,18
DA:9,18
DA:10,18
DA:11,18
DA:12,18
DA:13,18
DA:14,18
DA:15,126
DA:17,18
DA:22,0
DA:23,0
DA:24,0
DA:25,0
DA:27,0
DA:28,0
DA:34,2
DA:35,2
DA:36,0
DA:37,0
DA:40,2
DA:41,12
DA:44,2
DA:48,0
DA:52,0
DA:56,0
DA:57,0
DA:62,0
DA:63,0
DA:68,0
DA:69,0
DA:74,0
DA:75,0
DA:80,0
DA:81,0
DA:86,0
DA:87,0
DA:92,0
DA:93,0
DA:97,18
DA:98,0
DA:102,0
DA:106,0
DA:107,0
DA:109,0
DA:114,0
DA:115,0
DA:116,0
DA:117,0
DA:121,0
DA:122,0
DA:123,0
DA:124,0
DA:125,0
DA:126,0
DA:127,0
DA:129,0
DA:130,0
DA:131,0
DA:132,0
DA:134,0
DA:136,0
DA:137,0
DA:138,0
DA:140,0
DA:143,0
DA:145,0
DA:146,0
DA:148,0
DA:149,0
DA:150,0
DA:151,0
DA:152,0
DA:155,0
DA:156,0
DA:157,0
DA:161,0
DA:162,0
DA:163,0
DA:170,0
DA:171,0
DA:172,0
DA:174,0
DA:179,18
DA:180,0
DA:181,0
DA:183,0
DA:188,18
DA:189,0
DA:190,0
DA:192,0
DA:198,18
DA:199,0
DA:200,0
DA:202,0
DA:203,0
DA:210,0
DA:211,0
DA:213,0
DA:214,0
DA:221,0
DA:222,0
DA:224,0
DA:225,0
DA:226,0
DA:227,0
DA:228,0
DA:231,0
DA:232,0
DA:233,0
DA:234,0
DA:240,0
DA:241,0
DA:242,0
DA:244,0
DA:245,0
DA:248,0
DA:249,0
DA:250,0
DA:252,0
DA:257,0
DA:263,4
DA:264,1
DA:265,3
DA:266,1
DA:268,2
DA:269,2
DA:270,2
DA:272,2
DA:273,2
DA:274,2
DA:275,2
DA:276,2
DA:277,0
DA:278,0
DA:280,0
DA:281,0
DA:282,0
DA:283,0
DA:284,2
DA:285,1
DA:287,1
DA:289,2
DA:290,2
DA:291,0
DA:292,0
DA:293,0
DA:294,0
DA:295,0
DA:296,0
DA:297,0
DA:299,2
DA:305,10
DA:306,9
DA:307,8
DA:308,8
DA:309,8
DA:310,48
DA:311,48
DA:312,11
DA:313,11
DA:314,5
DA:315,1
DA:316,1
DA:317,1
DA:318,1
DA:319,1
DA:320,1
DA:322,11
DA:325,8
DA:330,7
DA:331,6
DA:332,6
DA:333,36
DA:334,33
DA:335,33
DA:337,7
DA:338,2
DA:339,2
DA:341,7
DA:343,8
DA:344,7
DA:345,7
DA:348,8
DA:350,8
DA:351,1
DA:352,1
DA:354,8
DA:356,4
DA:357,1
DA:358,1
DA:360,4
DA:362,3
DA:363,1
DA:364,1
DA:366,3
DA:368,2
DA:369,0
DA:370,0
DA:372,2
DA:374,1
DA:375,1
DA:376,1
DA:378,1
DA:380,33
DA:382,6
DA:388,20
DA:389,20
DA:390,105
DA:391,25
DA:392,21
DA:393,14
DA:394,10
DA:395,11
DA:396,7
DA:397,13
DA:398,4
DA:401,20
DA:405,18
DA:406,0
DA:407,0
DA:408,0
DA:410,0
DA:411,0
DA:413,0
DA:414,0
DA:415,0
DA:417,0
DA:418,0
DA:419,0
DA:420,0
DA:421,0
DA:423,0
DA:426,0
DA:433,0
DA:434,0
DA:435,0
DA:436,0
DA:437,0
DA:439,0
DA:440,0
DA:442,0
DA:443,0
DA:444,0
DA:446,0
DA:447,0
DA:448,0
DA:449,0
DA:451,0
DA:453,0
DA:455,0
DA:462,0
DA:463,0
DA:464,0
DA:465,0
DA:467,0
LF:260
LH:106
BRDA:23,0,0,0
BRDA:23,0,1,0
BRDA:35,1,0,0
BRDA:35,1,1,2
BRDA:106,2,0,0
BRDA:106,2,1,0
BRDA:122,3,0,0
BRDA:122,3,1,0
BRDA:124,4,0,0
BRDA:124,4,1,0
BRDA:130,5,0,0
BRDA:130,5,1,0
BRDA:131,6,0,0
BRDA:131,6,1,0
BRDA:136,7,0,0
BRDA:136,7,1,0
BRDA:137,8,0,0
BRDA:137,8,1,0
BRDA:149,9,0,0
BRDA:149,9,1,0
BRDA:150,10,0,0
BRDA:150,10,1,0
BRDA:155,11,0,0
BRDA:155,11,1,0
BRDA:171,12,0,0
BRDA:171,12,1,0
BRDA:180,13,0,0
BRDA:180,13,1,0
BRDA:189,14,0,0
BRDA:189,14,1,0
BRDA:199,15,0,0
BRDA:199,15,1,0
BRDA:210,16,0,0
BRDA:210,16,1,0
BRDA:221,17,0,0
BRDA:221,17,1,0
BRDA:240,18,0,0
BRDA:240,18,1,0
BRDA:241,19,0,0
BRDA:241,19,1,0
BRDA:263,20,0,1
BRDA:263,20,1,3
BRDA:265,21,0,1
BRDA:265,21,1,2
BRDA:276,22,0,0
BRDA:276,22,1,2
BRDA:284,23,0,1
BRDA:284,23,1,1
BRDA:290,24,0,0
BRDA:290,24,1,2
BRDA:305,25,0,1
BRDA:305,25,1,9
BRDA:306,26,0,1
BRDA:306,26,1,8
BRDA:311,27,0,11
BRDA:311,27,1,37
BRDA:313,28,0,5
BRDA:313,28,1,1
BRDA:313,28,2,1
BRDA:313,28,3,1
BRDA:313,28,4,1
BRDA:313,28,5,1
BRDA:313,28,6,1
BRDA:330,29,0,1
BRDA:330,29,1,6
BRDA:333,30,0,3
BRDA:333,30,1,33
BRDA:335,31,0,7
BRDA:335,31,1,8
BRDA:335,31,2,8
BRDA:335,31,3,4
BRDA:335,31,4,3
BRDA:335,31,5,2
BRDA:335,31,6,1
BRDA:337,32,0,2
BRDA:337,32,1,5
BRDA:337,33,0,7
BRDA:337,33,1,6
BRDA:343,34,0,7
BRDA:343,34,1,1
BRDA:343,35,0,8
BRDA:343,35,1,7
BRDA:350,36,0,1
BRDA:350,36,1,7
BRDA:350,37,0,8
BRDA:350,37,1,1
BRDA:356,38,0,1
BRDA:356,38,1,3
BRDA:356,39,0,4
BRDA:356,39,1,1
BRDA:362,40,0,1
BRDA:362,40,1,2
BRDA:362,41,0,3
BRDA:362,41,1,1
BRDA:368,42,0,0
BRDA:368,42,1,2
BRDA:368,43,0,2
BRDA:368,43,1,0
BRDA:374,44,0,1
BRDA:374,44,1,0
BRDA:374,45,0,1
BRDA:374,45,1,1
BRDA:380,46,0,13
BRDA:380,46,1,20
BRDA:390,47,0,25
BRDA:390,47,1,21
BRDA:390,47,2,14
BRDA:390,47,3,10
BRDA:390,47,4,11
BRDA:390,47,5,7
BRDA:390,47,6,13
BRDA:390,47,7,4
BRDA:406,48,0,0
BRDA:406,48,1,0
BRDA:407,49,0,0
BRDA:407,49,1,0
BRDA:411,50,0,0
BRDA:411,50,1,0
BRDA:411,51,0,0
BRDA:411,51,1,0
BRDA:411,51,2,0
BRDA:411,51,3,0
BRDA:411,51,4,0
BRDA:411,51,5,0
BRDA:411,51,6,0
BRDA:413,52,0,0
BRDA:413,52,1,0
BRDA:419,53,0,0
BRDA:419,53,1,0
BRDA:433,54,0,0
BRDA:433,54,1,0
BRDA:434,55,0,0
BRDA:434,55,1,0
BRDA:436,56,0,0
BRDA:436,56,1,0
BRDA:440,57,0,0
BRDA:440,57,1,0
BRDA:440,58,0,0
BRDA:440,58,1,0
BRDA:440,58,2,0
BRDA:440,58,3,0
BRDA:440,58,4,0
BRDA:440,58,5,0
BRDA:440,58,6,0
BRDA:442,59,0,0
BRDA:442,59,1,0
BRDA:447,60,0,0
BRDA:447,60,1,0
BRDA:462,61,0,0
BRDA:462,61,1,0
BRF:150
BRH:68
end_of_record
TN:
SF:public/scripts/messages.js
FN:3,(anonymous_0)
FNF:1
FNH:1
FNDA:1,(anonymous_0)
DA:3,1
DA:7,1
DA:8,1
DA:16,1
DA:20,1
DA:25,1
DA:26,1
DA:31,1
DA:32,1
DA:41,1
DA:50,1
DA:51,1
DA:61,1
DA:62,1
DA:69,1
DA:70,1
DA:78,1
DA:79,1
LF:18
LH:18
BRDA:83,0,0,0
BRDA:83,0,1,1
BRF:2
BRH:1
end_of_record
TN:
SF:public/scripts/terminal.js
FN:6,(anonymous_0)
FN:15,(anonymous_1)
FN:30,(anonymous_2)
FN:34,(anonymous_3)
FN:38,(anonymous_4)
FN:42,(anonymous_5)
FN:46,(anonymous_6)
FN:50,(anonymous_7)
FNF:8
FNH:8
FNDA:25,(anonymous_0)
FNDA:4,(anonymous_1)
FNDA:5,(anonymous_2)
FNDA:2,(anonymous_3)
FNDA:10,(anonymous_4)
FNDA:8,(anonymous_5)
FNDA:8,(anonymous_6)
FNDA:1,(anonymous_7)
DA:7,25
DA:8,25
DA:16,4
DA:17,3
DA:18,3
DA:19,3
DA:20,3
DA:21,3
DA:22,3
DA:23,3
DA:31,5
DA:35,2
DA:39,10
DA:43,8
DA:47,8
DA:51,1
LF:16
LH:16
BRDA:16,0,0,1
BRDA:16,0,1,3
BRF:2
BRH:2
end_of_record
