TN:
SF:public\scripts\gamestate.js
FN:2,(anonymous_0)
FN:21,(anonymous_1)
FN:33,(anonymous_2)
FN:48,(anonymous_3)
FN:52,(anonymous_4)
FN:56,(anonymous_5)
FN:57,(anonymous_6)
FN:62,(anonymous_7)
FN:63,(anonymous_8)
FN:68,(anonymous_9)
FN:69,(anonymous_10)
FN:74,(anonymous_11)
FN:75,(anonymous_12)
FN:80,(anonymous_13)
FN:81,(anonymous_14)
FN:86,(anonymous_15)
FN:87,(anonymous_16)
FN:92,(anonymous_17)
FN:93,(anonymous_18)
FN:98,(anonymous_19)
FN:102,(anonymous_20)
FN:106,(anonymous_21)
FN:114,(anonymous_22)
FN:121,(anonymous_23)
FN:122,(anonymous_24)
FN:163,(anonymous_25)
FN:170,(anonymous_26)
FN:180,(anonymous_27)
FN:189,(anonymous_28)
FN:199,(anonymous_29)
FN:210,(anonymous_30)
FN:221,(anonymous_31)
FN:240,(anonymous_32)
FN:257,(anonymous_33)
FN:263,(anonymous_34)
FN:304,(anonymous_35)
FN:328,(anonymous_36)
FN:386,(anonymous_37)
FN:404,(anonymous_38)
FN:431,(anonymous_39)
FN:460,(anonymous_40)
FNF:41
FNH:6
FNDA:18,(anonymous_0)
FNDA:0,(anonymous_1)
FNDA:2,(anonymous_2)
FNDA:0,(anonymous_3)
FNDA:0,(anonymous_4)
FNDA:0,(anonymous_5)
FNDA:0,(anonymous_6)
FNDA:0,(anonymous_7)
FNDA:0,(anonymous_8)
FNDA:0,(anonymous_9)
FNDA:0,(anonymous_10)
FNDA:0,(anonymous_11)
FNDA:0,(anonymous_12)
FNDA:0,(anonymous_13)
FNDA:0,(anonymous_14)
FNDA:0,(anonymous_15)
FNDA:0,(anonymous_16)
FNDA:0,(anonymous_17)
FNDA:0,(anonymous_18)
FNDA:0,(anonymous_19)
FNDA:0,(anonymous_20)
FNDA:0,(anonymous_21)
FNDA:0,(anonymous_22)
FNDA:0,(anonymous_23)
FNDA:0,(anonymous_24)
FNDA:0,(anonymous_25)
FNDA:0,(anonymous_26)
FNDA:0,(anonymous_27)
FNDA:0,(anonymous_28)
FNDA:0,(anonymous_29)
FNDA:0,(anonymous_30)
FNDA:0,(anonymous_31)
FNDA:0,(anonymous_32)
FNDA:0,(anonymous_33)
FNDA:4,(anonymous_34)
FNDA:10,(anonymous_35)
FNDA:7,(anonymous_36)
FNDA:12,(anonymous_37)
FNDA:0,(anonymous_38)
FNDA:0,(anonymous_39)
FNDA:0,(anonymous_40)
DA:3,18
DA:4,18
DA:5,18
DA:6,108
DA:7,18
DA:8,18
DA:9,18
DA:10,18
DA:11,18
DA:12,18
DA:13,18
DA:14,18
DA:15,126
DA:17,18
DA:22,0
DA:23,0
DA:24,0
DA:25,0
DA:27,0
DA:28,0
DA:34,2
DA:35,2
DA:36,0
DA:37,0
DA:40,2
DA:41,12
DA:42,12
DA:45,2
DA:49,0
DA:53,0
DA:57,0
DA:58,0
DA:63,0
DA:64,0
DA:69,0
DA:70,0
DA:75,0
DA:76,0
DA:81,0
DA:82,0
DA:87,0
DA:88,0
DA:93,0
DA:94,0
DA:98,18
DA:99,0
DA:103,0
DA:107,0
DA:108,0
DA:110,0
DA:115,0
DA:116,0
DA:117,0
DA:118,0
DA:122,0
DA:123,0
DA:124,0
DA:125,0
DA:126,0
DA:127,0
DA:128,0
DA:130,0
DA:131,0
DA:132,0
DA:133,0
DA:135,0
DA:137,0
DA:138,0
DA:139,0
DA:141,0
DA:144,0
DA:146,0
DA:147,0
DA:149,0
DA:150,0
DA:151,0
DA:152,0
DA:153,0
DA:156,0
DA:157,0
DA:158,0
DA:162,0
DA:163,0
DA:164,0
DA:171,0
DA:172,0
DA:173,0
DA:175,0
DA:180,18
DA:181,0
DA:182,0
DA:184,0
DA:189,18
DA:190,0
DA:191,0
DA:193,0
DA:199,18
DA:200,0
DA:201,0
DA:203,0
DA:204,0
DA:211,0
DA:212,0
DA:214,0
DA:215,0
DA:222,0
DA:223,0
DA:225,0
DA:226,0
DA:227,0
DA:228,0
DA:229,0
DA:232,0
DA:233,0
DA:234,0
DA:235,0
DA:241,0
DA:242,0
DA:243,0
DA:245,0
DA:246,0
DA:249,0
DA:250,0
DA:251,0
DA:253,0
DA:258,0
DA:264,4
DA:265,1
DA:266,3
DA:267,1
DA:269,2
DA:270,2
DA:271,2
DA:273,2
DA:274,2
DA:275,2
DA:276,2
DA:277,0
DA:278,0
DA:280,0
DA:281,0
DA:282,0
DA:283,0
DA:284,2
DA:285,0
DA:287,2
DA:289,2
DA:290,2
DA:291,0
DA:292,0
DA:293,0
DA:294,0
DA:295,0
DA:296,0
DA:297,0
DA:299,2
DA:305,10
DA:306,9
DA:307,8
DA:308,8
DA:309,48
DA:310,48
DA:311,11
DA:312,11
DA:313,5
DA:314,1
DA:315,1
DA:316,1
DA:317,1
DA:318,1
DA:319,1
DA:321,11
DA:324,8
DA:329,7
DA:330,6
DA:331,6
DA:332,36
DA:333,33
DA:334,33
DA:336,7
DA:337,6
DA:338,6
DA:340,7
DA:342,8
DA:343,7
DA:344,7
DA:347,8
DA:349,8
DA:350,1
DA:351,1
DA:353,8
DA:355,4
DA:356,1
DA:357,1
DA:359,4
DA:361,3
DA:362,1
DA:363,1
DA:365,3
DA:367,2
DA:368,0
DA:369,0
DA:371,2
DA:373,1
DA:374,1
DA:375,1
DA:377,1
DA:379,33
DA:381,6
DA:387,12
DA:388,12
DA:389,57
DA:390,17
DA:391,12
DA:392,5
DA:393,5
DA:394,7
DA:395,4
DA:396,6
DA:397,1
DA:400,12
DA:404,18
DA:405,0
DA:406,0
DA:407,0
DA:409,0
DA:410,0
DA:412,0
DA:413,0
DA:414,0
DA:416,0
DA:417,0
DA:418,0
DA:419,0
DA:420,0
DA:422,0
DA:425,0
DA:432,0
DA:433,0
DA:434,0
DA:435,0
DA:436,0
DA:438,0
DA:439,0
DA:441,0
DA:442,0
DA:443,0
DA:445,0
DA:446,0
DA:447,0
DA:448,0
DA:450,0
DA:452,0
DA:454,0
DA:461,0
DA:462,0
DA:463,0
DA:464,0
DA:466,0
LF:259
LH:104
BRDA:23,0,0,0
BRDA:23,0,1,0
BRDA:35,1,0,0
BRDA:35,1,1,2
BRDA:107,2,0,0
BRDA:107,2,1,0
BRDA:123,3,0,0
BRDA:123,3,1,0
BRDA:125,4,0,0
BRDA:125,4,1,0
BRDA:131,5,0,0
BRDA:131,5,1,0
BRDA:132,6,0,0
BRDA:132,6,1,0
BRDA:137,7,0,0
BRDA:137,7,1,0
BRDA:138,8,0,0
BRDA:138,8,1,0
BRDA:150,9,0,0
BRDA:150,9,1,0
BRDA:151,10,0,0
BRDA:151,10,1,0
BRDA:156,11,0,0
BRDA:156,11,1,0
BRDA:172,12,0,0
BRDA:172,12,1,0
BRDA:181,13,0,0
BRDA:181,13,1,0
BRDA:190,14,0,0
BRDA:190,14,1,0
BRDA:200,15,0,0
BRDA:200,15,1,0
BRDA:211,16,0,0
BRDA:211,16,1,0
BRDA:222,17,0,0
BRDA:222,17,1,0
BRDA:241,18,0,0
BRDA:241,18,1,0
BRDA:242,19,0,0
BRDA:242,19,1,0
BRDA:264,20,0,1
BRDA:264,20,1,3
BRDA:266,21,0,1
BRDA:266,21,1,2
BRDA:276,22,0,0
BRDA:276,22,1,2
BRDA:284,23,0,0
BRDA:284,23,1,2
BRDA:290,24,0,0
BRDA:290,24,1,2
BRDA:305,25,0,1
BRDA:305,25,1,9
BRDA:306,26,0,1
BRDA:306,26,1,8
BRDA:310,27,0,11
BRDA:310,27,1,37
BRDA:312,28,0,5
BRDA:312,28,1,1
BRDA:312,28,2,1
BRDA:312,28,3,1
BRDA:312,28,4,1
BRDA:312,28,5,1
BRDA:312,28,6,1
BRDA:329,29,0,1
BRDA:329,29,1,6
BRDA:332,30,0,3
BRDA:332,30,1,33
BRDA:334,31,0,7
BRDA:334,31,1,8
BRDA:334,31,2,8
BRDA:334,31,3,4
BRDA:334,31,4,3
BRDA:334,31,5,2
BRDA:334,31,6,1
BRDA:336,32,0,6
BRDA:336,32,1,1
BRDA:342,33,0,7
BRDA:342,33,1,1
BRDA:349,34,0,1
BRDA:349,34,1,7
BRDA:355,35,0,1
BRDA:355,35,1,3
BRDA:361,36,0,1
BRDA:361,36,1,2
BRDA:367,37,0,0
BRDA:367,37,1,2
BRDA:373,38,0,1
BRDA:373,38,1,0
BRDA:379,39,0,17
BRDA:379,39,1,16
BRDA:389,40,0,17
BRDA:389,40,1,12
BRDA:389,40,2,5
BRDA:389,40,3,5
BRDA:389,40,4,7
BRDA:389,40,5,4
BRDA:389,40,6,6
BRDA:389,40,7,1
BRDA:405,41,0,0
BRDA:405,41,1,0
BRDA:406,42,0,0
BRDA:406,42,1,0
BRDA:410,43,0,0
BRDA:410,43,1,0
BRDA:410,44,0,0
BRDA:410,44,1,0
BRDA:410,44,2,0
BRDA:410,44,3,0
BRDA:410,44,4,0
BRDA:410,44,5,0
BRDA:410,44,6,0
BRDA:412,45,0,0
BRDA:412,45,1,0
BRDA:418,46,0,0
BRDA:418,46,1,0
BRDA:432,47,0,0
BRDA:432,47,1,0
BRDA:433,48,0,0
BRDA:433,48,1,0
BRDA:435,49,0,0
BRDA:435,49,1,0
BRDA:439,50,0,0
BRDA:439,50,1,0
BRDA:439,51,0,0
BRDA:439,51,1,0
BRDA:439,51,2,0
BRDA:439,51,3,0
BRDA:439,51,4,0
BRDA:439,51,5,0
BRDA:439,51,6,0
BRDA:441,52,0,0
BRDA:441,52,1,0
BRDA:446,53,0,0
BRDA:446,53,1,0
BRDA:461,54,0,0
BRDA:461,54,1,0
BRF:136
BRH:54
end_of_record
TN:
SF:public\scripts\messages.js
FN:3,(anonymous_0)
FNF:1
FNH:1
FNDA:1,(anonymous_0)
DA:3,1
DA:7,1
DA:8,1
DA:16,1
DA:20,1
DA:25,1
DA:26,1
DA:31,1
DA:32,1
DA:41,1
DA:50,1
DA:51,1
DA:61,1
DA:62,1
DA:69,1
DA:70,1
DA:78,1
DA:79,1
LF:18
LH:18
BRDA:83,0,0,0
BRDA:83,0,1,1
BRF:2
BRH:1
end_of_record
TN:
SF:public\scripts\terminal.js
FN:6,(anonymous_0)
FN:15,(anonymous_1)
FN:30,(anonymous_2)
FN:34,(anonymous_3)
FN:38,(anonymous_4)
FN:42,(anonymous_5)
FN:46,(anonymous_6)
FN:50,(anonymous_7)
FNF:8
FNH:8
FNDA:25,(anonymous_0)
FNDA:4,(anonymous_1)
FNDA:5,(anonymous_2)
FNDA:2,(anonymous_3)
FNDA:10,(anonymous_4)
FNDA:8,(anonymous_5)
FNDA:8,(anonymous_6)
FNDA:1,(anonymous_7)
DA:7,25
DA:8,25
DA:16,4
DA:17,3
DA:18,3
DA:19,3
DA:20,3
DA:21,3
DA:22,3
DA:23,3
DA:31,5
DA:35,2
DA:39,10
DA:43,8
DA:47,8
DA:51,1
LF:16
LH:16
BRDA:16,0,0,1
BRDA:16,0,1,3
BRF:2
BRH:2
end_of_record
